2015/11/23 11:48:15 [error] [system.db.CDbCommand] CDbCommand::fetch() failed: SQLSTATE[HY000]: General error: 17 database schema has changed. The SQL statement executed was: SELECT * FROM 'setup' 't' WHERE 't'."id"=1 LIMIT 1.
in /opt/lampp/htdocs/careys/yii/chs/protected/views/layouts/main.php (54)
in /opt/lampp/htdocs/careys/yii/chs/protected/views/layouts/column2.php (24)
in /opt/lampp/htdocs/careys/yii/chs/protected/controllers/ServicecallController.php (581)
2015/11/23 11:48:15 [error] [exception.CDbException] exception 'CDbException' with message 'CDbCommand failed to execute the SQL statement: SQLSTATE[HY000]: General error: 17 database schema has changed. The SQL statement executed was: SELECT * FROM 'setup' 't' WHERE 't'."id"=1 LIMIT 1' in /opt/lampp/htdocs/careys/yii/framework/db/CDbCommand.php:543
Stack trace:
#0 /opt/lampp/htdocs/careys/yii/framework/db/CDbCommand.php(415): CDbCommand->queryInternal('fetch', Array, Array)
#1 /opt/lampp/htdocs/careys/yii/framework/db/ar/CActiveRecord.php(1351): CDbCommand->queryRow()
#2 /opt/lampp/htdocs/careys/yii/framework/db/ar/CActiveRecord.php(1486): CActiveRecord->query(Object(CDbCriteria))
#3 /opt/lampp/htdocs/careys/yii/chs/protected/views/layouts/main.php(54): CActiveRecord->findByPk(1)
#4 /opt/lampp/htdocs/careys/yii/framework/web/CBaseController.php(126): require('/opt/lampp/htdo...')
#5 /opt/lampp/htdocs/careys/yii/framework/web/CBaseController.php(95): CBaseController->renderInternal('/opt/lampp/htdo...', Array, true)
#6 /opt/lampp/htdocs/careys/yii/framework/web/widgets/CContentDecorator.php(76): CBaseController->renderFile('/opt/lampp/htdo...', Array, true)
#7 /opt/lampp/htdocs/careys/yii/framework/web/widgets/CContentDecorator.php(54): CContentDecorator->decorate('<div class="con...')
#8 /opt/lampp/htdocs/careys/yii/framework/web/widgets/COutputProcessor.php(44): CContentDecorator->processOutput('<div class="con...')
#9 /opt/lampp/htdocs/careys/yii/framework/web/CBaseController.php(206): COutputProcessor->run()
#10 /opt/lampp/htdocs/careys/yii/framework/web/CBaseController.php(300): CBaseController->endWidget('CContentDecorat...')
#11 /opt/lampp/htdocs/careys/yii/chs/protected/views/layouts/column2.php(24): CBaseController->endContent()
#12 /opt/lampp/htdocs/careys/yii/framework/web/CBaseController.php(126): require('/opt/lampp/htdo...')
#13 /opt/lampp/htdocs/careys/yii/framework/web/CBaseController.php(95): CBaseController->renderInternal('/opt/lampp/htdo...', Array, true)
#14 /opt/lampp/htdocs/careys/yii/framework/web/CController.php(784): CBaseController->renderFile('/opt/lampp/htdo...', Array, true)
#15 /opt/lampp/htdocs/careys/yii/chs/protected/controllers/ServicecallController.php(581): CController->render('freeSearch', Array)
#16 /opt/lampp/htdocs/careys/yii/framework/web/actions/CInlineAction.php(49): ServicecallController->actionFreeSearch()
#17 /opt/lampp/htdocs/careys/yii/framework/web/CController.php(308): CInlineAction->runWithParams(Array)
#18 /opt/lampp/htdocs/careys/yii/framework/web/filters/CFilterChain.php(133): CController->runAction(Object(CInlineAction))
#19 /opt/lampp/htdocs/careys/yii/framework/web/filters/CFilter.php(40): CFilterChain->run()
#20 /opt/lampp/htdocs/careys/yii/chs/protected/modules/rights/components/RController.php(36): CFilter->filter(Object(CFilterChain))
#21 /opt/lampp/htdocs/careys/yii/framework/web/filters/CInlineFilter.php(58): RController->filterRights(Object(CFilterChain))
#22 /opt/lampp/htdocs/careys/yii/framework/web/filters/CFilterChain.php(130): CInlineFilter->filter(Object(CFilterChain))
#23 /opt/lampp/htdocs/careys/yii/framework/web/CController.php(291): CFilterChain->run()
#24 /opt/lampp/htdocs/careys/yii/framework/web/CController.php(265): CController->runActionWithFilters(Object(CInlineAction), Array)
#25 /opt/lampp/htdocs/careys/yii/framework/web/CWebApplication.php(282): CController->run('freeSearch')
#26 /opt/lampp/htdocs/careys/yii/framework/web/CWebApplication.php(141): CWebApplication->runController('')
#27 /opt/lampp/htdocs/careys/yii/framework/base/CApplication.php(180): CWebApplication->processRequest()
#28 /opt/lampp/htdocs/careys/yii/chs/index.php(17): CApplication->run()
#29 {main}
REQUEST_URI=/careys/yii/chs/
HTTP_REFERER=http://212.248.209.115:255/careys/yii/chs/index.php?r=user/login
---
2015/11/23 11:48:41 [error] [system.db.CDbCommand] CDbCommand::fetch() failed: SQLSTATE[HY000]: General error: 17 database schema has changed. The SQL statement executed was: SELECT * FROM 'setup' 't' WHERE 't'."id"=1 LIMIT 1.
in /opt/lampp/htdocs/careys/yii/chs/protected/views/layouts/main.php (54)
in /opt/lampp/htdocs/careys/yii/chs/protected/views/layouts/column2.php (24)
in /opt/lampp/htdocs/careys/yii/chs/protected/controllers/ServicecallController.php (581)
2015/11/23 11:48:41 [error] [exception.CDbException] exception 'CDbException' with message 'CDbCommand failed to execute the SQL statement: SQLSTATE[HY000]: General error: 17 database schema has changed. The SQL statement executed was: SELECT * FROM 'setup' 't' WHERE 't'."id"=1 LIMIT 1' in /opt/lampp/htdocs/careys/yii/framework/db/CDbCommand.php:543
Stack trace:
#0 /opt/lampp/htdocs/careys/yii/framework/db/CDbCommand.php(415): CDbCommand->queryInternal('fetch', Array, Array)
#1 /opt/lampp/htdocs/careys/yii/framework/db/ar/CActiveRecord.php(1351): CDbCommand->queryRow()
#2 /opt/lampp/htdocs/careys/yii/framework/db/ar/CActiveRecord.php(1486): CActiveRecord->query(Object(CDbCriteria))
#3 /opt/lampp/htdocs/careys/yii/chs/protected/views/layouts/main.php(54): CActiveRecord->findByPk(1)
#4 /opt/lampp/htdocs/careys/yii/framework/web/CBaseController.php(126): require('/opt/lampp/htdo...')
#5 /opt/lampp/htdocs/careys/yii/framework/web/CBaseController.php(95): CBaseController->renderInternal('/opt/lampp/htdo...', Array, true)
#6 /opt/lampp/htdocs/careys/yii/framework/web/widgets/CContentDecorator.php(76): CBaseController->renderFile('/opt/lampp/htdo...', Array, true)
#7 /opt/lampp/htdocs/careys/yii/framework/web/widgets/CContentDecorator.php(54): CContentDecorator->decorate('<div class="con...')
#8 /opt/lampp/htdocs/careys/yii/framework/web/widgets/COutputProcessor.php(44): CContentDecorator->processOutput('<div class="con...')
#9 /opt/lampp/htdocs/careys/yii/framework/web/CBaseController.php(206): COutputProcessor->run()
#10 /opt/lampp/htdocs/careys/yii/framework/web/CBaseController.php(300): CBaseController->endWidget('CContentDecorat...')
#11 /opt/lampp/htdocs/careys/yii/chs/protected/views/layouts/column2.php(24): CBaseController->endContent()
#12 /opt/lampp/htdocs/careys/yii/framework/web/CBaseController.php(126): require('/opt/lampp/htdo...')
#13 /opt/lampp/htdocs/careys/yii/framework/web/CBaseController.php(95): CBaseController->renderInternal('/opt/lampp/htdo...', Array, true)
#14 /opt/lampp/htdocs/careys/yii/framework/web/CController.php(784): CBaseController->renderFile('/opt/lampp/htdo...', Array, true)
#15 /opt/lampp/htdocs/careys/yii/chs/protected/controllers/ServicecallController.php(581): CController->render('freeSearch', Array)
#16 /opt/lampp/htdocs/careys/yii/framework/web/actions/CInlineAction.php(49): ServicecallController->actionFreeSearch()
#17 /opt/lampp/htdocs/careys/yii/framework/web/CController.php(308): CInlineAction->runWithParams(Array)
#18 /opt/lampp/htdocs/careys/yii/framework/web/filters/CFilterChain.php(133): CController->runAction(Object(CInlineAction))
#19 /opt/lampp/htdocs/careys/yii/framework/web/filters/CFilter.php(40): CFilterChain->run()
#20 /opt/lampp/htdocs/careys/yii/chs/protected/modules/rights/components/RController.php(36): CFilter->filter(Object(CFilterChain))
#21 /opt/lampp/htdocs/careys/yii/framework/web/filters/CInlineFilter.php(58): RController->filterRights(Object(CFilterChain))
#22 /opt/lampp/htdocs/careys/yii/framework/web/filters/CFilterChain.php(130): CInlineFilter->filter(Object(CFilterChain))
#23 /opt/lampp/htdocs/careys/yii/framework/web/CController.php(291): CFilterChain->run()
#24 /opt/lampp/htdocs/careys/yii/framework/web/CController.php(265): CController->runActionWithFilters(Object(CInlineAction), Array)
#25 /opt/lampp/htdocs/careys/yii/framework/web/CWebApplication.php(282): CController->run('freeSearch')
#26 /opt/lampp/htdocs/careys/yii/framework/web/CWebApplication.php(141): CWebApplication->runController('')
#27 /opt/lampp/htdocs/careys/yii/framework/base/CApplication.php(180): CWebApplication->processRequest()
#28 /opt/lampp/htdocs/careys/yii/chs/index.php(17): CApplication->run()
#29 {main}
REQUEST_URI=/careys/yii/chs/
HTTP_REFERER=http://212.248.209.115:255/careys/yii/chs/index.php?r=servicecall/view&id=1054
---
2015/12/21 20:22:16 [error] [php] date(): It is not safe to rely on the system's timezone settings. You are *required* to use the date.timezone setting or the date_default_timezone_set() function. In case you used any of those methods and you are still getting this warning, you most likely misspelled the timezone identifier. We selected the timezone 'UTC' for now, but please set date.timezone to select your timezone. (/var/www/html/careys/yii/chs/protected/views/layouts/main.php:89)
Stack trace:
#0 /var/www/html/careys/yii/framework/web/CBaseController.php(95): LoginController->renderInternal()
#1 /var/www/html/careys/yii/framework/web/widgets/CContentDecorator.php(76): LoginController->renderFile()
#2 /var/www/html/careys/yii/framework/web/widgets/CContentDecorator.php(54): CContentDecorator->decorate()
#3 /var/www/html/careys/yii/framework/web/widgets/COutputProcessor.php(44): CContentDecorator->processOutput()
#4 /var/www/html/careys/yii/framework/web/CBaseController.php(206): CContentDecorator->run()
#5 /var/www/html/careys/yii/framework/web/CBaseController.php(300): LoginController->endWidget()
#6 /var/www/html/careys/yii/chs/protected/views/layouts/column1.php(7): LoginController->endContent()
#7 /var/www/html/careys/yii/framework/web/CBaseController.php(126): require()
#8 /var/www/html/careys/yii/framework/web/CBaseController.php(95): LoginController->renderInternal()
#9 /var/www/html/careys/yii/framework/web/CController.php(784): LoginController->renderFile()
#10 /var/www/html/careys/yii/chs/protected/modules/user/controllers/LoginController.php(28): LoginController->render()
#11 /var/www/html/careys/yii/framework/web/actions/CInlineAction.php(49): LoginController->actionLogin()
#12 /var/www/html/careys/yii/framework/web/CController.php(308): CInlineAction->runWithParams()
#13 /var/www/html/careys/yii/framework/web/CController.php(286): LoginController->runAction()
#14 /var/www/html/careys/yii/framework/web/CController.php(265): LoginController->runActionWithFilters()
#15 /var/www/html/careys/yii/framework/web/CWebApplication.php(282): LoginController->run()
#16 /var/www/html/careys/yii/framework/web/CWebApplication.php(141): CWebApplication->runController()
#17 /var/www/html/careys/yii/framework/base/CApplication.php(180): CWebApplication->processRequest()
#18 /var/www/html/careys/yii/chs/index.php(17): CWebApplication->run()
REQUEST_URI=/careys/yii/chs/index.php?r=user/login
in /var/www/html/careys/yii/chs/protected/views/layouts/main.php (89)
in /var/www/html/careys/yii/chs/protected/views/layouts/column1.php (7)
in /var/www/html/careys/yii/chs/protected/modules/user/controllers/LoginController.php (28)
2015/12/21 20:25:26 [error] [system.db.CDbCommand] CDbCommand::execute() failed: SQLSTATE[HY000]: General error: 8 attempt to write a readonly database. The SQL statement executed was: UPDATE 'tbl_users' SET "id"=:yp0, "username"=:yp1, "email"=:yp2, "createtime"=:yp3, "lastvisit"=:yp4, "superuser"=:yp5, "status"=:yp6, "password"=:yp7, "activkey"=:yp8 WHERE 'tbl_users'."id"=1.
in /var/www/html/careys/yii/chs/protected/modules/user/controllers/LoginController.php (36)
in /var/www/html/careys/yii/chs/protected/modules/user/controllers/LoginController.php (20)
in /var/www/html/careys/yii/chs/index.php (17)
2015/12/21 20:25:26 [error] [exception.CDbException] exception 'CDbException' with message 'CDbCommand failed to execute the SQL statement: SQLSTATE[HY000]: General error: 8 attempt to write a readonly database. The SQL statement executed was: UPDATE 'tbl_users' SET "id"=:yp0, "username"=:yp1, "email"=:yp2, "createtime"=:yp3, "lastvisit"=:yp4, "superuser"=:yp5, "status"=:yp6, "password"=:yp7, "activkey"=:yp8 WHERE 'tbl_users'."id"=1' in /var/www/html/careys/yii/framework/db/CDbCommand.php:358
Stack trace:
#0 /var/www/html/careys/yii/framework/db/ar/CActiveRecord.php(1748): CDbCommand->execute()
#1 /var/www/html/careys/yii/framework/db/ar/CActiveRecord.php(1124): CActiveRecord->updateByPk('1', Array)
#2 /var/www/html/careys/yii/framework/db/ar/CActiveRecord.php(806): CActiveRecord->update(NULL)
#3 /var/www/html/careys/yii/chs/protected/modules/user/controllers/LoginController.php(36): CActiveRecord->save()
#4 /var/www/html/careys/yii/chs/protected/modules/user/controllers/LoginController.php(20): LoginController->lastViset()
#5 /var/www/html/careys/yii/framework/web/actions/CInlineAction.php(49): LoginController->actionLogin()
#6 /var/www/html/careys/yii/framework/web/CController.php(308): CInlineAction->runWithParams(Array)
#7 /var/www/html/careys/yii/framework/web/CController.php(286): CController->runAction(Object(CInlineAction))
#8 /var/www/html/careys/yii/framework/web/CController.php(265): CController->runActionWithFilters(Object(CInlineAction), Array)
#9 /var/www/html/careys/yii/framework/web/CWebApplication.php(282): CController->run('')
#10 /var/www/html/careys/yii/framework/web/CWebApplication.php(141): CWebApplication->runController('user/login')
#11 /var/www/html/careys/yii/framework/base/CApplication.php(180): CWebApplication->processRequest()
#12 /var/www/html/careys/yii/chs/index.php(17): CApplication->run()
#13 {main}
REQUEST_URI=/careys/yii/chs/index.php?r=user/login
HTTP_REFERER=http://192.168.1.101/careys/yii/chs/index.php?r=user/login
---
2015/12/22 09:59:03 [error] [exception.CHttpException.403] exception 'CHttpException' with message 'Login Required' in /var/www/html/careys/yii/framework/web/auth/CWebUser.php:394
Stack trace:
#0 /var/www/html/careys/yii/chs/protected/modules/rights/components/RController.php(60): CWebUser->loginRequired()
#1 /var/www/html/careys/yii/chs/protected/modules/rights/components/RightsFilter.php(57): RController->accessDenied()
#2 /var/www/html/careys/yii/framework/web/filters/CFilter.php(38): RightsFilter->preFilter(Object(CFilterChain))
#3 /var/www/html/careys/yii/chs/protected/modules/rights/components/RController.php(36): CFilter->filter(Object(CFilterChain))
#4 /var/www/html/careys/yii/framework/web/filters/CInlineFilter.php(58): RController->filterRights(Object(CFilterChain))
#5 /var/www/html/careys/yii/framework/web/filters/CFilterChain.php(130): CInlineFilter->filter(Object(CFilterChain))
#6 /var/www/html/careys/yii/framework/web/CController.php(291): CFilterChain->run()
#7 /var/www/html/careys/yii/framework/web/CController.php(265): CController->runActionWithFilters(Object(CInlineAction), Array)
#8 /var/www/html/careys/yii/framework/web/CWebApplication.php(282): CController->run('SearchEngine')
#9 /var/www/html/careys/yii/framework/web/CWebApplication.php(141): CWebApplication->runController('servicecall/Sea...')
#10 /var/www/html/careys/yii/framework/base/CApplication.php(180): CWebApplication->processRequest()
#11 /var/www/html/careys/yii/chs/index.php(17): CApplication->run()
#12 {main}
REQUEST_URI=/careys/yii/chs/index.php?r=servicecall/SearchEngine&keyword=Page
HTTP_REFERER=http://212.248.209.115:255/careys/yii/chs/index.php?r=servicecall/freesearch
---
2015/12/22 09:59:03 [error] [exception.CHttpException.403] exception 'CHttpException' with message 'Login Required' in /var/www/html/careys/yii/framework/web/auth/CWebUser.php:394
Stack trace:
#0 /var/www/html/careys/yii/chs/protected/modules/rights/components/RController.php(60): CWebUser->loginRequired()
#1 /var/www/html/careys/yii/chs/protected/modules/rights/components/RightsFilter.php(57): RController->accessDenied()
#2 /var/www/html/careys/yii/framework/web/filters/CFilter.php(38): RightsFilter->preFilter(Object(CFilterChain))
#3 /var/www/html/careys/yii/chs/protected/modules/rights/components/RController.php(36): CFilter->filter(Object(CFilterChain))
#4 /var/www/html/careys/yii/framework/web/filters/CInlineFilter.php(58): RController->filterRights(Object(CFilterChain))
#5 /var/www/html/careys/yii/framework/web/filters/CFilterChain.php(130): CInlineFilter->filter(Object(CFilterChain))
#6 /var/www/html/careys/yii/framework/web/CController.php(291): CFilterChain->run()
#7 /var/www/html/careys/yii/framework/web/CController.php(265): CController->runActionWithFilters(Object(CInlineAction), Array)
#8 /var/www/html/careys/yii/framework/web/CWebApplication.php(282): CController->run('SearchEngine')
#9 /var/www/html/careys/yii/framework/web/CWebApplication.php(141): CWebApplication->runController('servicecall/Sea...')
#10 /var/www/html/careys/yii/framework/base/CApplication.php(180): CWebApplication->processRequest()
#11 /var/www/html/careys/yii/chs/index.php(17): CApplication->run()
#12 {main}
REQUEST_URI=/careys/yii/chs/index.php?r=servicecall/SearchEngine&keyword=Page
HTTP_REFERER=http://212.248.209.115:255/careys/yii/chs/index.php?r=servicecall/freesearch
---
2015/12/22 09:59:04 [error] [exception.CHttpException.403] exception 'CHttpException' with message 'Login Required' in /var/www/html/careys/yii/framework/web/auth/CWebUser.php:394
Stack trace:
#0 /var/www/html/careys/yii/chs/protected/modules/rights/components/RController.php(60): CWebUser->loginRequired()
#1 /var/www/html/careys/yii/chs/protected/modules/rights/components/RightsFilter.php(57): RController->accessDenied()
#2 /var/www/html/careys/yii/framework/web/filters/CFilter.php(38): RightsFilter->preFilter(Object(CFilterChain))
#3 /var/www/html/careys/yii/chs/protected/modules/rights/components/RController.php(36): CFilter->filter(Object(CFilterChain))
#4 /var/www/html/careys/yii/framework/web/filters/CInlineFilter.php(58): RController->filterRights(Object(CFilterChain))
#5 /var/www/html/careys/yii/framework/web/filters/CFilterChain.php(130): CInlineFilter->filter(Object(CFilterChain))
#6 /var/www/html/careys/yii/framework/web/CController.php(291): CFilterChain->run()
#7 /var/www/html/careys/yii/framework/web/CController.php(265): CController->runActionWithFilters(Object(CInlineAction), Array)
#8 /var/www/html/careys/yii/framework/web/CWebApplication.php(282): CController->run('SearchEngine')
#9 /var/www/html/careys/yii/framework/web/CWebApplication.php(141): CWebApplication->runController('servicecall/Sea...')
#10 /var/www/html/careys/yii/framework/base/CApplication.php(180): CWebApplication->processRequest()
#11 /var/www/html/careys/yii/chs/index.php(17): CApplication->run()
#12 {main}
REQUEST_URI=/careys/yii/chs/index.php?r=servicecall/SearchEngine&keyword=Page
HTTP_REFERER=http://212.248.209.115:255/careys/yii/chs/index.php?r=servicecall/freesearch
---
2015/12/22 09:59:04 [error] [exception.CHttpException.403] exception 'CHttpException' with message 'Login Required' in /var/www/html/careys/yii/framework/web/auth/CWebUser.php:394
Stack trace:
#0 /var/www/html/careys/yii/chs/protected/modules/rights/components/RController.php(60): CWebUser->loginRequired()
#1 /var/www/html/careys/yii/chs/protected/modules/rights/components/RightsFilter.php(57): RController->accessDenied()
#2 /var/www/html/careys/yii/framework/web/filters/CFilter.php(38): RightsFilter->preFilter(Object(CFilterChain))
#3 /var/www/html/careys/yii/chs/protected/modules/rights/components/RController.php(36): CFilter->filter(Object(CFilterChain))
#4 /var/www/html/careys/yii/framework/web/filters/CInlineFilter.php(58): RController->filterRights(Object(CFilterChain))
#5 /var/www/html/careys/yii/framework/web/filters/CFilterChain.php(130): CInlineFilter->filter(Object(CFilterChain))
#6 /var/www/html/careys/yii/framework/web/CController.php(291): CFilterChain->run()
#7 /var/www/html/careys/yii/framework/web/CController.php(265): CController->runActionWithFilters(Object(CInlineAction), Array)
#8 /var/www/html/careys/yii/framework/web/CWebApplication.php(282): CController->run('SearchEngine')
#9 /var/www/html/careys/yii/framework/web/CWebApplication.php(141): CWebApplication->runController('servicecall/Sea...')
#10 /var/www/html/careys/yii/framework/base/CApplication.php(180): CWebApplication->processRequest()
#11 /var/www/html/careys/yii/chs/index.php(17): CApplication->run()
#12 {main}
REQUEST_URI=/careys/yii/chs/index.php?r=servicecall/SearchEngine&keyword=Page
HTTP_REFERER=http://212.248.209.115:255/careys/yii/chs/index.php?r=servicecall/freesearch
---
2015/12/22 09:59:07 [error] [exception.CHttpException.403] exception 'CHttpException' with message 'Login Required' in /var/www/html/careys/yii/framework/web/auth/CWebUser.php:394
Stack trace:
#0 /var/www/html/careys/yii/chs/protected/modules/rights/components/RController.php(60): CWebUser->loginRequired()
#1 /var/www/html/careys/yii/chs/protected/modules/rights/components/RightsFilter.php(57): RController->accessDenied()
#2 /var/www/html/careys/yii/framework/web/filters/CFilter.php(38): RightsFilter->preFilter(Object(CFilterChain))
#3 /var/www/html/careys/yii/chs/protected/modules/rights/components/RController.php(36): CFilter->filter(Object(CFilterChain))
#4 /var/www/html/careys/yii/framework/web/filters/CInlineFilter.php(58): RController->filterRights(Object(CFilterChain))
#5 /var/www/html/careys/yii/framework/web/filters/CFilterChain.php(130): CInlineFilter->filter(Object(CFilterChain))
#6 /var/www/html/careys/yii/framework/web/CController.php(291): CFilterChain->run()
#7 /var/www/html/careys/yii/framework/web/CController.php(265): CController->runActionWithFilters(Object(CInlineAction), Array)
#8 /var/www/html/careys/yii/framework/web/CWebApplication.php(282): CController->run('SearchEngine')
#9 /var/www/html/careys/yii/framework/web/CWebApplication.php(141): CWebApplication->runController('servicecall/Sea...')
#10 /var/www/html/careys/yii/framework/base/CApplication.php(180): CWebApplication->processRequest()
#11 /var/www/html/careys/yii/chs/index.php(17): CApplication->run()
#12 {main}
REQUEST_URI=/careys/yii/chs/index.php?r=servicecall/SearchEngine&keyword=Page
HTTP_REFERER=http://212.248.209.115:255/careys/yii/chs/index.php?r=servicecall/freesearch
---
2015/12/22 09:59:17 [error] [exception.CHttpException.403] exception 'CHttpException' with message 'Login Required' in /var/www/html/careys/yii/framework/web/auth/CWebUser.php:394
Stack trace:
#0 /var/www/html/careys/yii/chs/protected/modules/rights/components/RController.php(60): CWebUser->loginRequired()
#1 /var/www/html/careys/yii/chs/protected/modules/rights/components/RightsFilter.php(57): RController->accessDenied()
#2 /var/www/html/careys/yii/framework/web/filters/CFilter.php(38): RightsFilter->preFilter(Object(CFilterChain))
#3 /var/www/html/careys/yii/chs/protected/modules/rights/components/RController.php(36): CFilter->filter(Object(CFilterChain))
#4 /var/www/html/careys/yii/framework/web/filters/CInlineFilter.php(58): RController->filterRights(Object(CFilterChain))
#5 /var/www/html/careys/yii/framework/web/filters/CFilterChain.php(130): CInlineFilter->filter(Object(CFilterChain))
#6 /var/www/html/careys/yii/framework/web/CController.php(291): CFilterChain->run()
#7 /var/www/html/careys/yii/framework/web/CController.php(265): CController->runActionWithFilters(Object(CInlineAction), Array)
#8 /var/www/html/careys/yii/framework/web/CWebApplication.php(282): CController->run('SearchEngine')
#9 /var/www/html/careys/yii/framework/web/CWebApplication.php(141): CWebApplication->runController('servicecall/Sea...')
#10 /var/www/html/careys/yii/framework/base/CApplication.php(180): CWebApplication->processRequest()
#11 /var/www/html/careys/yii/chs/index.php(17): CApplication->run()
#12 {main}
REQUEST_URI=/careys/yii/chs/index.php?r=servicecall/SearchEngine&keyword=CO14
HTTP_REFERER=http://212.248.209.115:255/careys/yii/chs/index.php?r=servicecall/freesearch
---
2015/12/22 09:59:17 [error] [exception.CHttpException.403] exception 'CHttpException' with message 'Login Required' in /var/www/html/careys/yii/framework/web/auth/CWebUser.php:394
Stack trace:
#0 /var/www/html/careys/yii/chs/protected/modules/rights/components/RController.php(60): CWebUser->loginRequired()
#1 /var/www/html/careys/yii/chs/protected/modules/rights/components/RightsFilter.php(57): RController->accessDenied()
#2 /var/www/html/careys/yii/framework/web/filters/CFilter.php(38): RightsFilter->preFilter(Object(CFilterChain))
#3 /var/www/html/careys/yii/chs/protected/modules/rights/components/RController.php(36): CFilter->filter(Object(CFilterChain))
#4 /var/www/html/careys/yii/framework/web/filters/CInlineFilter.php(58): RController->filterRights(Object(CFilterChain))
#5 /var/www/html/careys/yii/framework/web/filters/CFilterChain.php(130): CInlineFilter->filter(Object(CFilterChain))
#6 /var/www/html/careys/yii/framework/web/CController.php(291): CFilterChain->run()
#7 /var/www/html/careys/yii/framework/web/CController.php(265): CController->runActionWithFilters(Object(CInlineAction), Array)
#8 /var/www/html/careys/yii/framework/web/CWebApplication.php(282): CController->run('SearchEngine')
#9 /var/www/html/careys/yii/framework/web/CWebApplication.php(141): CWebApplication->runController('servicecall/Sea...')
#10 /var/www/html/careys/yii/framework/base/CApplication.php(180): CWebApplication->processRequest()
#11 /var/www/html/careys/yii/chs/index.php(17): CApplication->run()
#12 {main}
REQUEST_URI=/careys/yii/chs/index.php?r=servicecall/SearchEngine&keyword=CO14
HTTP_REFERER=http://212.248.209.115:255/careys/yii/chs/index.php?r=servicecall/freesearch
---
2015/12/22 09:59:18 [error] [exception.CHttpException.403] exception 'CHttpException' with message 'Login Required' in /var/www/html/careys/yii/framework/web/auth/CWebUser.php:394
Stack trace:
#0 /var/www/html/careys/yii/chs/protected/modules/rights/components/RController.php(60): CWebUser->loginRequired()
#1 /var/www/html/careys/yii/chs/protected/modules/rights/components/RightsFilter.php(57): RController->accessDenied()
#2 /var/www/html/careys/yii/framework/web/filters/CFilter.php(38): RightsFilter->preFilter(Object(CFilterChain))
#3 /var/www/html/careys/yii/chs/protected/modules/rights/components/RController.php(36): CFilter->filter(Object(CFilterChain))
#4 /var/www/html/careys/yii/framework/web/filters/CInlineFilter.php(58): RController->filterRights(Object(CFilterChain))
#5 /var/www/html/careys/yii/framework/web/filters/CFilterChain.php(130): CInlineFilter->filter(Object(CFilterChain))
#6 /var/www/html/careys/yii/framework/web/CController.php(291): CFilterChain->run()
#7 /var/www/html/careys/yii/framework/web/CController.php(265): CController->runActionWithFilters(Object(CInlineAction), Array)
#8 /var/www/html/careys/yii/framework/web/CWebApplication.php(282): CController->run('SearchEngine')
#9 /var/www/html/careys/yii/framework/web/CWebApplication.php(141): CWebApplication->runController('servicecall/Sea...')
#10 /var/www/html/careys/yii/framework/base/CApplication.php(180): CWebApplication->processRequest()
#11 /var/www/html/careys/yii/chs/index.php(17): CApplication->run()
#12 {main}
REQUEST_URI=/careys/yii/chs/index.php?r=servicecall/SearchEngine&keyword=CO14%208
HTTP_REFERER=http://212.248.209.115:255/careys/yii/chs/index.php?r=servicecall/freesearch
---
2015/12/22 09:59:18 [error] [exception.CHttpException.403] exception 'CHttpException' with message 'Login Required' in /var/www/html/careys/yii/framework/web/auth/CWebUser.php:394
Stack trace:
#0 /var/www/html/careys/yii/chs/protected/modules/rights/components/RController.php(60): CWebUser->loginRequired()
#1 /var/www/html/careys/yii/chs/protected/modules/rights/components/RightsFilter.php(57): RController->accessDenied()
#2 /var/www/html/careys/yii/framework/web/filters/CFilter.php(38): RightsFilter->preFilter(Object(CFilterChain))
#3 /var/www/html/careys/yii/chs/protected/modules/rights/components/RController.php(36): CFilter->filter(Object(CFilterChain))
#4 /var/www/html/careys/yii/framework/web/filters/CInlineFilter.php(58): RController->filterRights(Object(CFilterChain))
#5 /var/www/html/careys/yii/framework/web/filters/CFilterChain.php(130): CInlineFilter->filter(Object(CFilterChain))
#6 /var/www/html/careys/yii/framework/web/CController.php(291): CFilterChain->run()
#7 /var/www/html/careys/yii/framework/web/CController.php(265): CController->runActionWithFilters(Object(CInlineAction), Array)
#8 /var/www/html/careys/yii/framework/web/CWebApplication.php(282): CController->run('SearchEngine')
#9 /var/www/html/careys/yii/framework/web/CWebApplication.php(141): CWebApplication->runController('servicecall/Sea...')
#10 /var/www/html/careys/yii/framework/base/CApplication.php(180): CWebApplication->processRequest()
#11 /var/www/html/careys/yii/chs/index.php(17): CApplication->run()
#12 {main}
REQUEST_URI=/careys/yii/chs/index.php?r=servicecall/SearchEngine&keyword=CO14%208R
HTTP_REFERER=http://212.248.209.115:255/careys/yii/chs/index.php?r=servicecall/freesearch
---
2015/12/22 09:59:18 [error] [exception.CHttpException.403] exception 'CHttpException' with message 'Login Required' in /var/www/html/careys/yii/framework/web/auth/CWebUser.php:394
Stack trace:
#0 /var/www/html/careys/yii/chs/protected/modules/rights/components/RController.php(60): CWebUser->loginRequired()
#1 /var/www/html/careys/yii/chs/protected/modules/rights/components/RightsFilter.php(57): RController->accessDenied()
#2 /var/www/html/careys/yii/framework/web/filters/CFilter.php(38): RightsFilter->preFilter(Object(CFilterChain))
#3 /var/www/html/careys/yii/chs/protected/modules/rights/components/RController.php(36): CFilter->filter(Object(CFilterChain))
#4 /var/www/html/careys/yii/framework/web/filters/CInlineFilter.php(58): RController->filterRights(Object(CFilterChain))
#5 /var/www/html/careys/yii/framework/web/filters/CFilterChain.php(130): CInlineFilter->filter(Object(CFilterChain))
#6 /var/www/html/careys/yii/framework/web/CController.php(291): CFilterChain->run()
#7 /var/www/html/careys/yii/framework/web/CController.php(265): CController->runActionWithFilters(Object(CInlineAction), Array)
#8 /var/www/html/careys/yii/framework/web/CWebApplication.php(282): CController->run('SearchEngine')
#9 /var/www/html/careys/yii/framework/web/CWebApplication.php(141): CWebApplication->runController('servicecall/Sea...')
#10 /var/www/html/careys/yii/framework/base/CApplication.php(180): CWebApplication->processRequest()
#11 /var/www/html/careys/yii/chs/index.php(17): CApplication->run()
#12 {main}
REQUEST_URI=/careys/yii/chs/index.php?r=servicecall/SearchEngine&keyword=CO14%208RX
HTTP_REFERER=http://212.248.209.115:255/careys/yii/chs/index.php?r=servicecall/freesearch
---
2015/12/22 09:59:19 [error] [exception.CHttpException.403] exception 'CHttpException' with message 'Login Required' in /var/www/html/careys/yii/framework/web/auth/CWebUser.php:394
Stack trace:
#0 /var/www/html/careys/yii/chs/protected/modules/rights/components/RController.php(60): CWebUser->loginRequired()
#1 /var/www/html/careys/yii/chs/protected/modules/rights/components/RightsFilter.php(57): RController->accessDenied()
#2 /var/www/html/careys/yii/framework/web/filters/CFilter.php(38): RightsFilter->preFilter(Object(CFilterChain))
#3 /var/www/html/careys/yii/chs/protected/modules/rights/components/RController.php(36): CFilter->filter(Object(CFilterChain))
#4 /var/www/html/careys/yii/framework/web/filters/CInlineFilter.php(58): RController->filterRights(Object(CFilterChain))
#5 /var/www/html/careys/yii/framework/web/filters/CFilterChain.php(130): CInlineFilter->filter(Object(CFilterChain))
#6 /var/www/html/careys/yii/framework/web/CController.php(291): CFilterChain->run()
#7 /var/www/html/careys/yii/framework/web/CController.php(265): CController->runActionWithFilters(Object(CInlineAction), Array)
#8 /var/www/html/careys/yii/framework/web/CWebApplication.php(282): CController->run('SearchEngine')
#9 /var/www/html/careys/yii/framework/web/CWebApplication.php(141): CWebApplication->runController('servicecall/Sea...')
#10 /var/www/html/careys/yii/framework/base/CApplication.php(180): CWebApplication->processRequest()
#11 /var/www/html/careys/yii/chs/index.php(17): CApplication->run()
#12 {main}
REQUEST_URI=/careys/yii/chs/index.php?r=servicecall/SearchEngine&keyword=CO14%208RX
HTTP_REFERER=http://212.248.209.115:255/careys/yii/chs/index.php?r=servicecall/freesearch
---
2015/12/22 09:59:19 [error] [exception.CHttpException.403] exception 'CHttpException' with message 'Login Required' in /var/www/html/careys/yii/framework/web/auth/CWebUser.php:394
Stack trace:
#0 /var/www/html/careys/yii/chs/protected/modules/rights/components/RController.php(60): CWebUser->loginRequired()
#1 /var/www/html/careys/yii/chs/protected/modules/rights/components/RightsFilter.php(57): RController->accessDenied()
#2 /var/www/html/careys/yii/framework/web/filters/CFilter.php(38): RightsFilter->preFilter(Object(CFilterChain))
#3 /var/www/html/careys/yii/chs/protected/modules/rights/components/RController.php(36): CFilter->filter(Object(CFilterChain))
#4 /var/www/html/careys/yii/framework/web/filters/CInlineFilter.php(58): RController->filterRights(Object(CFilterChain))
#5 /var/www/html/careys/yii/framework/web/filters/CFilterChain.php(130): CInlineFilter->filter(Object(CFilterChain))
#6 /var/www/html/careys/yii/framework/web/CController.php(291): CFilterChain->run()
#7 /var/www/html/careys/yii/framework/web/CController.php(265): CController->runActionWithFilters(Object(CInlineAction), Array)
#8 /var/www/html/careys/yii/framework/web/CWebApplication.php(282): CController->run('SearchEngine')
#9 /var/www/html/careys/yii/framework/web/CWebApplication.php(141): CWebApplication->runController('servicecall/Sea...')
#10 /var/www/html/careys/yii/framework/base/CApplication.php(180): CWebApplication->processRequest()
#11 /var/www/html/careys/yii/chs/index.php(17): CApplication->run()
#12 {main}
REQUEST_URI=/careys/yii/chs/index.php?r=servicecall/SearchEngine&keyword=CO14%208RX
HTTP_REFERER=http://212.248.209.115:255/careys/yii/chs/index.php?r=servicecall/freesearch
---
2016/01/06 10:43:25 [error] [php] A non well formed numeric value encountered (/var/www/html/careys/yii/chs/protected/views/servicecall/updateServicecall.php:168)
Stack trace:
#0 /var/www/html/careys/yii/framework/web/CBaseController.php(95): ServicecallController->renderInternal()
#1 /var/www/html/careys/yii/framework/web/CController.php(869): ServicecallController->renderFile()
#2 /var/www/html/careys/yii/framework/web/CController.php(782): ServicecallController->renderPartial()
#3 /var/www/html/careys/yii/chs/protected/controllers/ServicecallController.php(320): ServicecallController->render()
#4 unknown(0): ServicecallController->actionUpdate()
#5 /var/www/html/careys/yii/framework/web/actions/CAction.php(108): ReflectionMethod->invokeArgs()
#6 /var/www/html/careys/yii/framework/web/actions/CInlineAction.php(47): CInlineAction->runWithParamsInternal()
#7 /var/www/html/careys/yii/framework/web/CController.php(308): CInlineAction->runWithParams()
#8 /var/www/html/careys/yii/framework/web/filters/CFilterChain.php(133): ServicecallController->runAction()
#9 /var/www/html/careys/yii/framework/web/filters/CFilter.php(40): CFilterChain->run()
#10 /var/www/html/careys/yii/chs/protected/modules/rights/components/RController.php(36): RightsFilter->filter()
#11 /var/www/html/careys/yii/framework/web/filters/CInlineFilter.php(58): ServicecallController->filterRights()
#12 /var/www/html/careys/yii/framework/web/filters/CFilterChain.php(130): CInlineFilter->filter()
#13 /var/www/html/careys/yii/framework/web/CController.php(291): CFilterChain->run()
#14 /var/www/html/careys/yii/framework/web/CController.php(265): ServicecallController->runActionWithFilters()
#15 /var/www/html/careys/yii/framework/web/CWebApplication.php(282): ServicecallController->run()
#16 /var/www/html/careys/yii/framework/web/CWebApplication.php(141): CWebApplication->runController()
#17 /var/www/html/careys/yii/framework/base/CApplication.php(180): CWebApplication->processRequest()
#18 /var/www/html/careys/yii/chs/index.php(17): CWebApplication->run()
REQUEST_URI=/careys/yii/chs/index.php?r=servicecall/update&id=193
in /var/www/html/careys/yii/chs/protected/views/servicecall/updateServicecall.php (168)
in /var/www/html/careys/yii/chs/protected/controllers/ServicecallController.php (320)
in /var/www/html/careys/yii/chs/protected/modules/rights/components/RController.php (36)
2016/01/06 10:58:21 [error] [php] A non well formed numeric value encountered (/var/www/html/careys/yii/chs/protected/views/servicecall/updateServicecall.php:168)
Stack trace:
#0 /var/www/html/careys/yii/framework/web/CBaseController.php(95): ServicecallController->renderInternal()
#1 /var/www/html/careys/yii/framework/web/CController.php(869): ServicecallController->renderFile()
#2 /var/www/html/careys/yii/framework/web/CController.php(782): ServicecallController->renderPartial()
#3 /var/www/html/careys/yii/chs/protected/controllers/ServicecallController.php(320): ServicecallController->render()
#4 unknown(0): ServicecallController->actionUpdate()
#5 /var/www/html/careys/yii/framework/web/actions/CAction.php(108): ReflectionMethod->invokeArgs()
#6 /var/www/html/careys/yii/framework/web/actions/CInlineAction.php(47): CInlineAction->runWithParamsInternal()
#7 /var/www/html/careys/yii/framework/web/CController.php(308): CInlineAction->runWithParams()
#8 /var/www/html/careys/yii/framework/web/filters/CFilterChain.php(133): ServicecallController->runAction()
#9 /var/www/html/careys/yii/framework/web/filters/CFilter.php(40): CFilterChain->run()
#10 /var/www/html/careys/yii/chs/protected/modules/rights/components/RController.php(36): RightsFilter->filter()
#11 /var/www/html/careys/yii/framework/web/filters/CInlineFilter.php(58): ServicecallController->filterRights()
#12 /var/www/html/careys/yii/framework/web/filters/CFilterChain.php(130): CInlineFilter->filter()
#13 /var/www/html/careys/yii/framework/web/CController.php(291): CFilterChain->run()
#14 /var/www/html/careys/yii/framework/web/CController.php(265): ServicecallController->runActionWithFilters()
#15 /var/www/html/careys/yii/framework/web/CWebApplication.php(282): ServicecallController->run()
#16 /var/www/html/careys/yii/framework/web/CWebApplication.php(141): CWebApplication->runController()
#17 /var/www/html/careys/yii/framework/base/CApplication.php(180): CWebApplication->processRequest()
#18 /var/www/html/careys/yii/chs/index.php(17): CWebApplication->run()
REQUEST_URI=/careys/yii/chs/index.php?r=servicecall/update&id=264
in /var/www/html/careys/yii/chs/protected/views/servicecall/updateServicecall.php (168)
in /var/www/html/careys/yii/chs/protected/controllers/ServicecallController.php (320)
in /var/www/html/careys/yii/chs/protected/modules/rights/components/RController.php (36)
2016/01/06 11:02:12 [error] [php] A non well formed numeric value encountered (/var/www/html/careys/yii/chs/protected/views/servicecall/updateServicecall.php:168)
Stack trace:
#0 /var/www/html/careys/yii/framework/web/CBaseController.php(95): ServicecallController->renderInternal()
#1 /var/www/html/careys/yii/framework/web/CController.php(869): ServicecallController->renderFile()
#2 /var/www/html/careys/yii/framework/web/CController.php(782): ServicecallController->renderPartial()
#3 /var/www/html/careys/yii/chs/protected/controllers/ServicecallController.php(320): ServicecallController->render()
#4 unknown(0): ServicecallController->actionUpdate()
#5 /var/www/html/careys/yii/framework/web/actions/CAction.php(108): ReflectionMethod->invokeArgs()
#6 /var/www/html/careys/yii/framework/web/actions/CInlineAction.php(47): CInlineAction->runWithParamsInternal()
#7 /var/www/html/careys/yii/framework/web/CController.php(308): CInlineAction->runWithParams()
#8 /var/www/html/careys/yii/framework/web/filters/CFilterChain.php(133): ServicecallController->runAction()
#9 /var/www/html/careys/yii/framework/web/filters/CFilter.php(40): CFilterChain->run()
#10 /var/www/html/careys/yii/chs/protected/modules/rights/components/RController.php(36): RightsFilter->filter()
#11 /var/www/html/careys/yii/framework/web/filters/CInlineFilter.php(58): ServicecallController->filterRights()
#12 /var/www/html/careys/yii/framework/web/filters/CFilterChain.php(130): CInlineFilter->filter()
#13 /var/www/html/careys/yii/framework/web/CController.php(291): CFilterChain->run()
#14 /var/www/html/careys/yii/framework/web/CController.php(265): ServicecallController->runActionWithFilters()
#15 /var/www/html/careys/yii/framework/web/CWebApplication.php(282): ServicecallController->run()
#16 /var/www/html/careys/yii/framework/web/CWebApplication.php(141): CWebApplication->runController()
#17 /var/www/html/careys/yii/framework/base/CApplication.php(180): CWebApplication->processRequest()
#18 /var/www/html/careys/yii/chs/index.php(17): CWebApplication->run()
REQUEST_URI=/careys/yii/chs/index.php?r=servicecall/update&id=400
in /var/www/html/careys/yii/chs/protected/views/servicecall/updateServicecall.php (168)
in /var/www/html/careys/yii/chs/protected/controllers/ServicecallController.php (320)
in /var/www/html/careys/yii/chs/protected/modules/rights/components/RController.php (36)
2016/01/06 11:02:16 [error] [php] A non well formed numeric value encountered (/var/www/html/careys/yii/chs/protected/views/servicecall/updateServicecall.php:168)
Stack trace:
#0 /var/www/html/careys/yii/framework/web/CBaseController.php(95): ServicecallController->renderInternal()
#1 /var/www/html/careys/yii/framework/web/CController.php(869): ServicecallController->renderFile()
#2 /var/www/html/careys/yii/framework/web/CController.php(782): ServicecallController->renderPartial()
#3 /var/www/html/careys/yii/chs/protected/controllers/ServicecallController.php(320): ServicecallController->render()
#4 unknown(0): ServicecallController->actionUpdate()
#5 /var/www/html/careys/yii/framework/web/actions/CAction.php(108): ReflectionMethod->invokeArgs()
#6 /var/www/html/careys/yii/framework/web/actions/CInlineAction.php(47): CInlineAction->runWithParamsInternal()
#7 /var/www/html/careys/yii/framework/web/CController.php(308): CInlineAction->runWithParams()
#8 /var/www/html/careys/yii/framework/web/filters/CFilterChain.php(133): ServicecallController->runAction()
#9 /var/www/html/careys/yii/framework/web/filters/CFilter.php(40): CFilterChain->run()
#10 /var/www/html/careys/yii/chs/protected/modules/rights/components/RController.php(36): RightsFilter->filter()
#11 /var/www/html/careys/yii/framework/web/filters/CInlineFilter.php(58): ServicecallController->filterRights()
#12 /var/www/html/careys/yii/framework/web/filters/CFilterChain.php(130): CInlineFilter->filter()
#13 /var/www/html/careys/yii/framework/web/CController.php(291): CFilterChain->run()
#14 /var/www/html/careys/yii/framework/web/CController.php(265): ServicecallController->runActionWithFilters()
#15 /var/www/html/careys/yii/framework/web/CWebApplication.php(282): ServicecallController->run()
#16 /var/www/html/careys/yii/framework/web/CWebApplication.php(141): CWebApplication->runController()
#17 /var/www/html/careys/yii/framework/base/CApplication.php(180): CWebApplication->processRequest()
#18 /var/www/html/careys/yii/chs/index.php(17): CWebApplication->run()
REQUEST_URI=/careys/yii/chs/index.php?r=servicecall/update&id=400
in /var/www/html/careys/yii/chs/protected/views/servicecall/updateServicecall.php (168)
in /var/www/html/careys/yii/chs/protected/controllers/ServicecallController.php (320)
in /var/www/html/careys/yii/chs/protected/modules/rights/components/RController.php (36)
2016/01/11 14:32:38 [warning] [application] Failed to set unsafe attribute "country_id" of "Setup".
in /var/www/html/careys/yii/chs/protected/controllers/SetupController.php (98)
in /var/www/html/careys/yii/chs/protected/modules/rights/components/RController.php (36)
in /var/www/html/careys/yii/chs/index.php (17)
2016/01/11 14:32:49 [warning] [application] Failed to set unsafe attribute "country_id" of "Setup".
in /var/www/html/careys/yii/chs/protected/controllers/SetupController.php (98)
in /var/www/html/careys/yii/chs/protected/modules/rights/components/RController.php (36)
in /var/www/html/careys/yii/chs/index.php (17)
2016/01/15 11:42:50 [error] [php] Trying to get property of non-object (/var/www/html/careys/yii/chs/protected/modules/gomobile/views/default/sendsingleservicecalltoserver.php:17)
Stack trace:
#0 /var/www/html/careys/yii/framework/web/CBaseController.php(95): DefaultController->renderInternal()
#1 /var/www/html/careys/yii/framework/web/CController.php(869): DefaultController->renderFile()
#2 /var/www/html/careys/yii/chs/protected/modules/gomobile/controllers/DefaultController.php(60): DefaultController->renderPartial()
#3 /var/www/html/careys/yii/framework/web/actions/CInlineAction.php(49): DefaultController->actionSendsingleservicecalltoserver()
#4 /var/www/html/careys/yii/framework/web/CController.php(308): CInlineAction->runWithParams()
#5 /var/www/html/careys/yii/framework/web/filters/CFilterChain.php(133): DefaultController->runAction()
#6 /var/www/html/careys/yii/framework/web/filters/CFilter.php(40): CFilterChain->run()
#7 /var/www/html/careys/yii/chs/protected/modules/rights/components/RController.php(36): RightsFilter->filter()
#8 /var/www/html/careys/yii/framework/web/filters/CInlineFilter.php(58): DefaultController->filterRights()
#9 /var/www/html/careys/yii/framework/web/filters/CFilterChain.php(130): CInlineFilter->filter()
#10 /var/www/html/careys/yii/framework/web/CController.php(291): CFilterChain->run()
#11 /var/www/html/careys/yii/framework/web/CController.php(265): DefaultController->runActionWithFilters()
#12 /var/www/html/careys/yii/framework/web/CWebApplication.php(282): DefaultController->run()
#13 /var/www/html/careys/yii/framework/web/CWebApplication.php(141): CWebApplication->runController()
#14 /var/www/html/careys/yii/framework/base/CApplication.php(180): CWebApplication->processRequest()
#15 /var/www/html/careys/yii/chs/index.php(17): CWebApplication->run()
REQUEST_URI=/careys/yii/chs/index.php?r=gomobile/default/sendsingleservicecalltoserver&id=1623
in /var/www/html/careys/yii/chs/protected/modules/gomobile/views/default/sendsingleservicecalltoserver.php (17)
in /var/www/html/careys/yii/chs/protected/modules/gomobile/views/default/sendsingleservicecalltoserver.php (81)
in /var/www/html/careys/yii/chs/protected/modules/gomobile/controllers/DefaultController.php (60)
2016/01/25 11:39:39 [error] [php] Trying to get property of non-object (/var/www/html/careys/yii/chs/protected/modules/gomobile/views/default/sendsingleservicecalltoserver.php:17)
Stack trace:
#0 /var/www/html/careys/yii/framework/web/CBaseController.php(95): DefaultController->renderInternal()
#1 /var/www/html/careys/yii/framework/web/CController.php(869): DefaultController->renderFile()
#2 /var/www/html/careys/yii/chs/protected/modules/gomobile/controllers/DefaultController.php(60): DefaultController->renderPartial()
#3 /var/www/html/careys/yii/framework/web/actions/CInlineAction.php(49): DefaultController->actionSendsingleservicecalltoserver()
#4 /var/www/html/careys/yii/framework/web/CController.php(308): CInlineAction->runWithParams()
#5 /var/www/html/careys/yii/framework/web/filters/CFilterChain.php(133): DefaultController->runAction()
#6 /var/www/html/careys/yii/framework/web/filters/CFilter.php(40): CFilterChain->run()
#7 /var/www/html/careys/yii/chs/protected/modules/rights/components/RController.php(36): RightsFilter->filter()
#8 /var/www/html/careys/yii/framework/web/filters/CInlineFilter.php(58): DefaultController->filterRights()
#9 /var/www/html/careys/yii/framework/web/filters/CFilterChain.php(130): CInlineFilter->filter()
#10 /var/www/html/careys/yii/framework/web/CController.php(291): CFilterChain->run()
#11 /var/www/html/careys/yii/framework/web/CController.php(265): DefaultController->runActionWithFilters()
#12 /var/www/html/careys/yii/framework/web/CWebApplication.php(282): DefaultController->run()
#13 /var/www/html/careys/yii/framework/web/CWebApplication.php(141): CWebApplication->runController()
#14 /var/www/html/careys/yii/framework/base/CApplication.php(180): CWebApplication->processRequest()
#15 /var/www/html/careys/yii/chs/index.php(17): CWebApplication->run()
REQUEST_URI=/careys/yii/chs/index.php?r=gomobile/default/sendsingleservicecalltoserver&id=1727
in /var/www/html/careys/yii/chs/protected/modules/gomobile/views/default/sendsingleservicecalltoserver.php (17)
in /var/www/html/careys/yii/chs/protected/modules/gomobile/views/default/sendsingleservicecalltoserver.php (81)
in /var/www/html/careys/yii/chs/protected/modules/gomobile/controllers/DefaultController.php (60)
2016/02/04 17:38:01 [error] [php] Undefined index: planroute (/var/www/html/careys/yii/chs/protected/controllers/EnggdiaryController.php:551)
Stack trace:
#0 /var/www/html/careys/yii/framework/web/filters/CFilterChain.php(133): EnggdiaryController->runAction()
#1 /var/www/html/careys/yii/framework/web/filters/CFilter.php(40): CFilterChain->run()
#2 /var/www/html/careys/yii/chs/protected/modules/rights/components/RController.php(36): RightsFilter->filter()
#3 /var/www/html/careys/yii/framework/web/filters/CInlineFilter.php(58): EnggdiaryController->filterRights()
#4 /var/www/html/careys/yii/framework/web/filters/CFilterChain.php(130): CInlineFilter->filter()
#5 /var/www/html/careys/yii/framework/web/CController.php(291): CFilterChain->run()
#6 /var/www/html/careys/yii/framework/web/CController.php(265): EnggdiaryController->runActionWithFilters()
#7 /var/www/html/careys/yii/framework/web/CWebApplication.php(282): EnggdiaryController->run()
#8 /var/www/html/careys/yii/framework/web/CWebApplication.php(141): CWebApplication->runController()
#9 /var/www/html/careys/yii/framework/base/CApplication.php(180): CWebApplication->processRequest()
#10 /var/www/html/careys/yii/chs/index.php(17): CWebApplication->run()
REQUEST_URI=/careys/yii/chs/index.php?r=enggdiary/optimiseroutebygoogleapi&engineer_id=90000001&route_date=13-9-2015
in /var/www/html/careys/yii/chs/protected/controllers/EnggdiaryController.php (551)
in /var/www/html/careys/yii/chs/protected/modules/rights/components/RController.php (36)
in /var/www/html/careys/yii/chs/index.php (17)
2016/02/08 17:15:03 [error] [php] Trying to get property of non-object (/var/www/html/careys/yii/chs/protected/views/enggdiary/bookingAppointment.php:46)
Stack trace:
#0 /var/www/html/careys/yii/framework/web/CController.php(869): EnggdiaryController->renderFile()
#1 /var/www/html/careys/yii/framework/web/CController.php(782): EnggdiaryController->renderPartial()
#2 /var/www/html/careys/yii/chs/protected/controllers/EnggdiaryController.php(461): EnggdiaryController->render()
#3 /var/www/html/careys/yii/framework/web/actions/CInlineAction.php(49): EnggdiaryController->actionBookingAppointment()
#4 /var/www/html/careys/yii/framework/web/CController.php(308): CInlineAction->runWithParams()
#5 /var/www/html/careys/yii/framework/web/filters/CFilterChain.php(133): EnggdiaryController->runAction()
#6 /var/www/html/careys/yii/framework/web/filters/CFilter.php(40): CFilterChain->run()
#7 /var/www/html/careys/yii/chs/protected/modules/rights/components/RController.php(36): RightsFilter->filter()
#8 /var/www/html/careys/yii/framework/web/filters/CInlineFilter.php(58): EnggdiaryController->filterRights()
#9 /var/www/html/careys/yii/framework/web/filters/CFilterChain.php(130): CInlineFilter->filter()
#10 /var/www/html/careys/yii/framework/web/CController.php(291): CFilterChain->run()
#11 /var/www/html/careys/yii/framework/web/CController.php(265): EnggdiaryController->runActionWithFilters()
#12 /var/www/html/careys/yii/framework/web/CWebApplication.php(282): EnggdiaryController->run()
#13 /var/www/html/careys/yii/framework/web/CWebApplication.php(141): CWebApplication->runController()
#14 /var/www/html/careys/yii/framework/base/CApplication.php(180): CWebApplication->processRequest()
#15 /var/www/html/careys/yii/chs/index.php(17): CWebApplication->run()
REQUEST_URI=/careys/yii/chs/index.php?r=enggdiary%2FbookingAppointment&id=1901&engineer_id=90000000&Enggdiary%5Bengineer_id%5D=0&yt0=Change
in /var/www/html/careys/yii/chs/protected/views/enggdiary/bookingAppointment.php (46)
in /var/www/html/careys/yii/chs/protected/controllers/EnggdiaryController.php (461)
in /var/www/html/careys/yii/chs/protected/modules/rights/components/RController.php (36)
2016/02/08 17:16:02 [error] [php] Trying to get property of non-object (/var/www/html/careys/yii/chs/protected/views/enggdiary/bookingAppointment.php:46)
Stack trace:
#0 /var/www/html/careys/yii/framework/web/CController.php(869): EnggdiaryController->renderFile()
#1 /var/www/html/careys/yii/framework/web/CController.php(782): EnggdiaryController->renderPartial()
#2 /var/www/html/careys/yii/chs/protected/controllers/EnggdiaryController.php(461): EnggdiaryController->render()
#3 /var/www/html/careys/yii/framework/web/actions/CInlineAction.php(49): EnggdiaryController->actionBookingAppointment()
#4 /var/www/html/careys/yii/framework/web/CController.php(308): CInlineAction->runWithParams()
#5 /var/www/html/careys/yii/framework/web/filters/CFilterChain.php(133): EnggdiaryController->runAction()
#6 /var/www/html/careys/yii/framework/web/filters/CFilter.php(40): CFilterChain->run()
#7 /var/www/html/careys/yii/chs/protected/modules/rights/components/RController.php(36): RightsFilter->filter()
#8 /var/www/html/careys/yii/framework/web/filters/CInlineFilter.php(58): EnggdiaryController->filterRights()
#9 /var/www/html/careys/yii/framework/web/filters/CFilterChain.php(130): CInlineFilter->filter()
#10 /var/www/html/careys/yii/framework/web/CController.php(291): CFilterChain->run()
#11 /var/www/html/careys/yii/framework/web/CController.php(265): EnggdiaryController->runActionWithFilters()
#12 /var/www/html/careys/yii/framework/web/CWebApplication.php(282): EnggdiaryController->run()
#13 /var/www/html/careys/yii/framework/web/CWebApplication.php(141): CWebApplication->runController()
#14 /var/www/html/careys/yii/framework/base/CApplication.php(180): CWebApplication->processRequest()
#15 /var/www/html/careys/yii/chs/index.php(17): CWebApplication->run()
REQUEST_URI=/careys/yii/chs/index.php?r=enggdiary%2FbookingAppointment&id=1901&engineer_id=90000003&Enggdiary%5Bengineer_id%5D=0&yt0=Change
in /var/www/html/careys/yii/chs/protected/views/enggdiary/bookingAppointment.php (46)
in /var/www/html/careys/yii/chs/protected/controllers/EnggdiaryController.php (461)
in /var/www/html/careys/yii/chs/protected/modules/rights/components/RController.php (36)
2016/02/08 17:18:52 [error] [php] Trying to get property of non-object (/var/www/html/careys/yii/chs/protected/views/enggdiary/bookingAppointment.php:46)
Stack trace:
#0 /var/www/html/careys/yii/framework/web/CController.php(869): EnggdiaryController->renderFile()
#1 /var/www/html/careys/yii/framework/web/CController.php(782): EnggdiaryController->renderPartial()
#2 /var/www/html/careys/yii/chs/protected/controllers/EnggdiaryController.php(461): EnggdiaryController->render()
#3 /var/www/html/careys/yii/framework/web/actions/CInlineAction.php(49): EnggdiaryController->actionBookingAppointment()
#4 /var/www/html/careys/yii/framework/web/CController.php(308): CInlineAction->runWithParams()
#5 /var/www/html/careys/yii/framework/web/filters/CFilterChain.php(133): EnggdiaryController->runAction()
#6 /var/www/html/careys/yii/framework/web/filters/CFilter.php(40): CFilterChain->run()
#7 /var/www/html/careys/yii/chs/protected/modules/rights/components/RController.php(36): RightsFilter->filter()
#8 /var/www/html/careys/yii/framework/web/filters/CInlineFilter.php(58): EnggdiaryController->filterRights()
#9 /var/www/html/careys/yii/framework/web/filters/CFilterChain.php(130): CInlineFilter->filter()
#10 /var/www/html/careys/yii/framework/web/CController.php(291): CFilterChain->run()
#11 /var/www/html/careys/yii/framework/web/CController.php(265): EnggdiaryController->runActionWithFilters()
#12 /var/www/html/careys/yii/framework/web/CWebApplication.php(282): EnggdiaryController->run()
#13 /var/www/html/careys/yii/framework/web/CWebApplication.php(141): CWebApplication->runController()
#14 /var/www/html/careys/yii/framework/base/CApplication.php(180): CWebApplication->processRequest()
#15 /var/www/html/careys/yii/chs/index.php(17): CWebApplication->run()
REQUEST_URI=/careys/yii/chs/index.php?r=enggdiary%2FbookingAppointment&id=1901&engineer_id=90000003&Enggdiary%5Bengineer_id%5D=0&yt0=Change
in /var/www/html/careys/yii/chs/protected/views/enggdiary/bookingAppointment.php (46)
in /var/www/html/careys/yii/chs/protected/controllers/EnggdiaryController.php (461)
in /var/www/html/careys/yii/chs/protected/modules/rights/components/RController.php (36)
2016/02/08 17:20:44 [error] [php] Trying to get property of non-object (/var/www/html/careys/yii/chs/protected/views/enggdiary/bookingAppointment.php:50)
Stack trace:
#0 /var/www/html/careys/yii/framework/web/CController.php(869): EnggdiaryController->renderFile()
#1 /var/www/html/careys/yii/framework/web/CController.php(782): EnggdiaryController->renderPartial()
#2 /var/www/html/careys/yii/chs/protected/controllers/EnggdiaryController.php(461): EnggdiaryController->render()
#3 /var/www/html/careys/yii/framework/web/actions/CInlineAction.php(49): EnggdiaryController->actionBookingAppointment()
#4 /var/www/html/careys/yii/framework/web/CController.php(308): CInlineAction->runWithParams()
#5 /var/www/html/careys/yii/framework/web/filters/CFilterChain.php(133): EnggdiaryController->runAction()
#6 /var/www/html/careys/yii/framework/web/filters/CFilter.php(40): CFilterChain->run()
#7 /var/www/html/careys/yii/chs/protected/modules/rights/components/RController.php(36): RightsFilter->filter()
#8 /var/www/html/careys/yii/framework/web/filters/CInlineFilter.php(58): EnggdiaryController->filterRights()
#9 /var/www/html/careys/yii/framework/web/filters/CFilterChain.php(130): CInlineFilter->filter()
#10 /var/www/html/careys/yii/framework/web/CController.php(291): CFilterChain->run()
#11 /var/www/html/careys/yii/framework/web/CController.php(265): EnggdiaryController->runActionWithFilters()
#12 /var/www/html/careys/yii/framework/web/CWebApplication.php(282): EnggdiaryController->run()
#13 /var/www/html/careys/yii/framework/web/CWebApplication.php(141): CWebApplication->runController()
#14 /var/www/html/careys/yii/framework/base/CApplication.php(180): CWebApplication->processRequest()
#15 /var/www/html/careys/yii/chs/index.php(17): CWebApplication->run()
REQUEST_URI=/careys/yii/chs/index.php?r=enggdiary%2FbookingAppointment&id=1901&engineer_id=90000003&Enggdiary%5Bengineer_id%5D=0&yt0=Change
in /var/www/html/careys/yii/chs/protected/views/enggdiary/bookingAppointment.php (50)
in /var/www/html/careys/yii/chs/protected/controllers/EnggdiaryController.php (461)
in /var/www/html/careys/yii/chs/protected/modules/rights/components/RController.php (36)
2016/02/08 17:21:11 [error] [php] Trying to get property of non-object (/var/www/html/careys/yii/chs/protected/views/enggdiary/bookingAppointment.php:53)
Stack trace:
#0 /var/www/html/careys/yii/framework/web/CController.php(869): EnggdiaryController->renderFile()
#1 /var/www/html/careys/yii/framework/web/CController.php(782): EnggdiaryController->renderPartial()
#2 /var/www/html/careys/yii/chs/protected/controllers/EnggdiaryController.php(461): EnggdiaryController->render()
#3 /var/www/html/careys/yii/framework/web/actions/CInlineAction.php(49): EnggdiaryController->actionBookingAppointment()
#4 /var/www/html/careys/yii/framework/web/CController.php(308): CInlineAction->runWithParams()
#5 /var/www/html/careys/yii/framework/web/filters/CFilterChain.php(133): EnggdiaryController->runAction()
#6 /var/www/html/careys/yii/framework/web/filters/CFilter.php(40): CFilterChain->run()
#7 /var/www/html/careys/yii/chs/protected/modules/rights/components/RController.php(36): RightsFilter->filter()
#8 /var/www/html/careys/yii/framework/web/filters/CInlineFilter.php(58): EnggdiaryController->filterRights()
#9 /var/www/html/careys/yii/framework/web/filters/CFilterChain.php(130): CInlineFilter->filter()
#10 /var/www/html/careys/yii/framework/web/CController.php(291): CFilterChain->run()
#11 /var/www/html/careys/yii/framework/web/CController.php(265): EnggdiaryController->runActionWithFilters()
#12 /var/www/html/careys/yii/framework/web/CWebApplication.php(282): EnggdiaryController->run()
#13 /var/www/html/careys/yii/framework/web/CWebApplication.php(141): CWebApplication->runController()
#14 /var/www/html/careys/yii/framework/base/CApplication.php(180): CWebApplication->processRequest()
#15 /var/www/html/careys/yii/chs/index.php(17): CWebApplication->run()
REQUEST_URI=/careys/yii/chs/index.php?r=enggdiary%2FbookingAppointment&id=1901&engineer_id=90000003&Enggdiary%5Bengineer_id%5D=0&yt0=Change
in /var/www/html/careys/yii/chs/protected/views/enggdiary/bookingAppointment.php (53)
in /var/www/html/careys/yii/chs/protected/controllers/EnggdiaryController.php (461)
in /var/www/html/careys/yii/chs/protected/modules/rights/components/RController.php (36)
2016/02/16 11:42:53 [error] [system.db.CDbCommand] CDbCommand::execute() failed: SQLSTATE[HY000]: General error: 8 attempt to write a readonly database. The SQL statement executed was: UPDATE 'tbl_users' SET "id"=:yp0, "username"=:yp1, "email"=:yp2, "createtime"=:yp3, "lastvisit"=:yp4, "superuser"=:yp5, "status"=:yp6, "password"=:yp7, "activkey"=:yp8 WHERE 'tbl_users'."id"=1.
in /var/www/html/careys/yii/chs/protected/modules/user/controllers/LoginController.php (36)
in /var/www/html/careys/yii/chs/protected/modules/user/controllers/LoginController.php (20)
in /var/www/html/careys/yii/chs/index.php (17)
2016/02/16 11:42:53 [error] [exception.CDbException] exception 'CDbException' with message 'CDbCommand failed to execute the SQL statement: SQLSTATE[HY000]: General error: 8 attempt to write a readonly database. The SQL statement executed was: UPDATE 'tbl_users' SET "id"=:yp0, "username"=:yp1, "email"=:yp2, "createtime"=:yp3, "lastvisit"=:yp4, "superuser"=:yp5, "status"=:yp6, "password"=:yp7, "activkey"=:yp8 WHERE 'tbl_users'."id"=1' in /var/www/html/careys/yii/framework/db/CDbCommand.php:358
Stack trace:
#0 /var/www/html/careys/yii/framework/db/ar/CActiveRecord.php(1748): CDbCommand->execute()
#1 /var/www/html/careys/yii/framework/db/ar/CActiveRecord.php(1124): CActiveRecord->updateByPk('1', Array)
#2 /var/www/html/careys/yii/framework/db/ar/CActiveRecord.php(806): CActiveRecord->update(NULL)
#3 /var/www/html/careys/yii/chs/protected/modules/user/controllers/LoginController.php(36): CActiveRecord->save()
#4 /var/www/html/careys/yii/chs/protected/modules/user/controllers/LoginController.php(20): LoginController->lastViset()
#5 /var/www/html/careys/yii/framework/web/actions/CInlineAction.php(49): LoginController->actionLogin()
#6 /var/www/html/careys/yii/framework/web/CController.php(308): CInlineAction->runWithParams(Array)
#7 /var/www/html/careys/yii/framework/web/CController.php(286): CController->runAction(Object(CInlineAction))
#8 /var/www/html/careys/yii/framework/web/CController.php(265): CController->runActionWithFilters(Object(CInlineAction), Array)
#9 /var/www/html/careys/yii/framework/web/CWebApplication.php(282): CController->run('')
#10 /var/www/html/careys/yii/framework/web/CWebApplication.php(141): CWebApplication->runController('user/login')
#11 /var/www/html/careys/yii/framework/base/CApplication.php(180): CWebApplication->processRequest()
#12 /var/www/html/careys/yii/chs/index.php(17): CApplication->run()
#13 {main}
REQUEST_URI=/careys/yii/chs/index.php?r=user/login
HTTP_REFERER=http://84.9.30.62:255/careys/yii/chs/index.php?r=user/login
---
2016/02/18 09:06:33 [error] [exception.CHttpException.403] exception 'CHttpException' with message 'You are not authorized to perform this action.' in /var/www/html/careys/yii/framework/web/auth/CAccessControlFilter.php:182
Stack trace:
#0 /var/www/html/careys/yii/framework/web/auth/CAccessControlFilter.php(145): CAccessControlFilter->accessDenied(Object(RWebUser), 'You are not aut...')
#1 /var/www/html/careys/yii/framework/web/filters/CFilter.php(38): CAccessControlFilter->preFilter(Object(CFilterChain))
#2 /var/www/html/careys/yii/framework/web/CController.php(1145): CFilter->filter(Object(CFilterChain))
#3 /var/www/html/careys/yii/framework/web/filters/CInlineFilter.php(58): CController->filterAccessControl(Object(CFilterChain))
#4 /var/www/html/careys/yii/framework/web/filters/CFilterChain.php(130): CInlineFilter->filter(Object(CFilterChain))
#5 /var/www/html/careys/yii/framework/web/CController.php(291): CFilterChain->run()
#6 /var/www/html/careys/yii/framework/web/CController.php(265): CController->runActionWithFilters(Object(CInlineAction), Array)
#7 /var/www/html/careys/yii/framework/web/CWebApplication.php(282): CController->run('admin')
#8 /var/www/html/careys/yii/framework/web/CWebApplication.php(141): CWebApplication->runController('graph/graphrepo...')
#9 /var/www/html/careys/yii/framework/base/CApplication.php(180): CWebApplication->processRequest()
#10 /var/www/html/careys/yii/chs/index.php(17): CApplication->run()
#11 {main}
REQUEST_URI=/careys/yii/chs/index.php?r=graph/graphreportfields/admin
HTTP_REFERER=http://84.9.30.62:255/careys/yii/chs/index.php?r=graph/default/getexpirydate
---
2016/02/22 16:29:56 [warning] [application] Failed to set unsafe attribute "postcode" of "Customer".
in /var/www/html/careys/yii/chs/protected/controllers/ServicecallController.php (396)
in /var/www/html/careys/yii/chs/protected/controllers/ServicecallController.php (111)
in /var/www/html/careys/yii/chs/protected/modules/rights/components/RController.php (36)
2016/02/22 16:29:57 [warning] [application] Failed to set unsafe attribute "postcode" of "Customer".
in /var/www/html/careys/yii/chs/protected/controllers/ServicecallController.php (396)
in /var/www/html/careys/yii/chs/protected/controllers/ServicecallController.php (111)
in /var/www/html/careys/yii/chs/protected/modules/rights/components/RController.php (36)
2016/02/22 16:29:57 [warning] [application] Failed to set unsafe attribute "postcode" of "Customer".
in /var/www/html/careys/yii/chs/protected/controllers/ServicecallController.php (116)
in /var/www/html/careys/yii/chs/protected/modules/rights/components/RController.php (36)
in /var/www/html/careys/yii/chs/index.php (17)
2016/03/01 10:34:42 [warning] [application] Failed to set unsafe attribute "postcode_s" of "Customer".
in /var/www/html/careys/yii/chs/protected/controllers/CustomerController.php (306)
in /var/www/html/careys/yii/chs/protected/modules/rights/components/RController.php (36)
in /var/www/html/careys/yii/chs/index.php (17)
2016/03/01 10:34:42 [warning] [application] Failed to set unsafe attribute "postcode_e" of "Customer".
in /var/www/html/careys/yii/chs/protected/controllers/CustomerController.php (306)
in /var/www/html/careys/yii/chs/protected/modules/rights/components/RController.php (36)
in /var/www/html/careys/yii/chs/index.php (17)
2016/03/01 10:35:53 [warning] [application] Failed to set unsafe attribute "postcode_s" of "Customer".
in /var/www/html/careys/yii/chs/protected/controllers/CustomerController.php (306)
in /var/www/html/careys/yii/chs/protected/modules/rights/components/RController.php (36)
in /var/www/html/careys/yii/chs/index.php (17)
2016/03/01 10:35:53 [warning] [application] Failed to set unsafe attribute "postcode_e" of "Customer".
in /var/www/html/careys/yii/chs/protected/controllers/CustomerController.php (306)
in /var/www/html/careys/yii/chs/protected/modules/rights/components/RController.php (36)
in /var/www/html/careys/yii/chs/index.php (17)
2016/03/07 12:37:15 [warning] [application] Failed to set unsafe attribute "postcode_s" of "Customer".
in /var/www/html/careys/yii/chs/protected/controllers/CustomerController.php (306)
in /var/www/html/careys/yii/chs/protected/modules/rights/components/RController.php (36)
in /var/www/html/careys/yii/chs/index.php (17)
2016/03/07 12:37:15 [warning] [application] Failed to set unsafe attribute "postcode_e" of "Customer".
in /var/www/html/careys/yii/chs/protected/controllers/CustomerController.php (306)
in /var/www/html/careys/yii/chs/protected/modules/rights/components/RController.php (36)
in /var/www/html/careys/yii/chs/index.php (17)
2016/03/07 14:21:55 [error] [exception.CHttpException.404] exception 'CHttpException' with message 'The system is unable to find the requested action "UpdateEndDateTime?diary_id=3382".' in /var/www/html/careys/yii/framework/web/CController.php:483
Stack trace:
#0 /var/www/html/careys/yii/framework/web/CController.php(270): CController->missingAction('UpdateEndDateTi...')
#1 /var/www/html/careys/yii/framework/web/CWebApplication.php(282): CController->run('UpdateEndDateTi...')
#2 /var/www/html/careys/yii/framework/web/CWebApplication.php(141): CWebApplication->runController('api/UpdateEndDa...')
#3 /var/www/html/careys/yii/framework/base/CApplication.php(180): CWebApplication->processRequest()
#4 /var/www/html/careys/yii/chs/index.php(17): CApplication->run()
#5 {main}
REQUEST_URI=/careys/yii/chs/index.php?r=api/UpdateEndDateTime?diary_id=3382&minutes=420
HTTP_REFERER=http://84.9.30.62:255/careys/yii/chs/index.php?r=enggdiary/viewFullDiary&engg_id=90000003
---
2016/03/07 15:56:55 [warning] [application] Failed to set unsafe attribute "postcode_s" of "Customer".
in /var/www/html/careys/yii/chs/protected/controllers/CustomerController.php (306)
in /var/www/html/careys/yii/chs/protected/modules/rights/components/RController.php (36)
in /var/www/html/careys/yii/chs/index.php (17)
2016/03/07 15:56:55 [warning] [application] Failed to set unsafe attribute "postcode_e" of "Customer".
in /var/www/html/careys/yii/chs/protected/controllers/CustomerController.php (306)
in /var/www/html/careys/yii/chs/protected/modules/rights/components/RController.php (36)
in /var/www/html/careys/yii/chs/index.php (17)
2016/03/07 15:57:18 [warning] [application] Failed to set unsafe attribute "postcode_s" of "Customer".
in /var/www/html/careys/yii/chs/protected/controllers/CustomerController.php (306)
in /var/www/html/careys/yii/chs/protected/modules/rights/components/RController.php (36)
in /var/www/html/careys/yii/chs/index.php (17)
2016/03/07 15:57:18 [warning] [application] Failed to set unsafe attribute "postcode_e" of "Customer".
in /var/www/html/careys/yii/chs/protected/controllers/CustomerController.php (306)
in /var/www/html/careys/yii/chs/protected/modules/rights/components/RController.php (36)
in /var/www/html/careys/yii/chs/index.php (17)
2016/03/14 17:51:10 [error] [php] Trying to get property of non-object (/var/www/html/careys/yii/chs/protected/views/enggdiary/bookingAppointment.php:46)
Stack trace:
#0 /var/www/html/careys/yii/framework/web/CController.php(869): EnggdiaryController->renderFile()
#1 /var/www/html/careys/yii/framework/web/CController.php(782): EnggdiaryController->renderPartial()
#2 /var/www/html/careys/yii/chs/protected/controllers/EnggdiaryController.php(468): EnggdiaryController->render()
#3 /var/www/html/careys/yii/framework/web/actions/CInlineAction.php(49): EnggdiaryController->actionBookingAppointment()
#4 /var/www/html/careys/yii/framework/web/CController.php(308): CInlineAction->runWithParams()
#5 /var/www/html/careys/yii/framework/web/filters/CFilterChain.php(133): EnggdiaryController->runAction()
#6 /var/www/html/careys/yii/framework/web/filters/CFilter.php(40): CFilterChain->run()
#7 /var/www/html/careys/yii/chs/protected/modules/rights/components/RController.php(36): RightsFilter->filter()
#8 /var/www/html/careys/yii/framework/web/filters/CInlineFilter.php(58): EnggdiaryController->filterRights()
#9 /var/www/html/careys/yii/framework/web/filters/CFilterChain.php(130): CInlineFilter->filter()
#10 /var/www/html/careys/yii/framework/web/CController.php(291): CFilterChain->run()
#11 /var/www/html/careys/yii/framework/web/CController.php(265): EnggdiaryController->runActionWithFilters()
#12 /var/www/html/careys/yii/framework/web/CWebApplication.php(282): EnggdiaryController->run()
#13 /var/www/html/careys/yii/framework/web/CWebApplication.php(141): CWebApplication->runController()
#14 /var/www/html/careys/yii/framework/base/CApplication.php(180): CWebApplication->processRequest()
#15 /var/www/html/careys/yii/chs/index.php(17): CWebApplication->run()
REQUEST_URI=/careys/yii/chs/index.php?r=enggdiary%2FbookingAppointment&id=2297&engineer_id=90000002&timeofcall=Normal+Call&appointment_notes=&Enggdiary%5Bengineer_id%5D=0&yt0=Change
in /var/www/html/careys/yii/chs/protected/views/enggdiary/bookingAppointment.php (46)
in /var/www/html/careys/yii/chs/protected/controllers/EnggdiaryController.php (468)
in /var/www/html/careys/yii/chs/protected/modules/rights/components/RController.php (36)
