2015/06/03 11:41:13 [warning] [application] Failed to set unsafe attribute "country_id" of "Setup".
in /var/www/html/careysappliancerepairs.co.uk/html/yii/chs/protected/controllers/SetupController.php (98)
in /var/www/html/careysappliancerepairs.co.uk/html/yii/chs/protected/modules/rights/components/RController.php (36)
in /var/www/html/careysappliancerepairs.co.uk/html/yii/chs/index.php (17)
2015/06/08 12:14:34 [error] [exception.CHttpException.404] exception 'CHttpException' with message 'Unable to resolve the request "jobstatus/update".' in /var/www/html/careysappliancerepairs.co.uk/html/yii/framework/web/CWebApplication.php:286
Stack trace:
#0 /var/www/html/careysappliancerepairs.co.uk/html/yii/framework/web/CWebApplication.php(141): CWebApplication->runController('jobstatus/updat...')
#1 /var/www/html/careysappliancerepairs.co.uk/html/yii/framework/base/CApplication.php(180): CWebApplication->processRequest()
#2 /var/www/html/careysappliancerepairs.co.uk/html/yii/chs/index.php(17): CApplication->run()
#3 {main}
REQUEST_URI=/yii/chs/index.php?r=jobstatus/update&id=52
HTTP_REFERER=http://www.careysappliancerepairs.co.uk/yii/chs/index.php?r=JobStatus/admin
---
2015/06/08 12:16:31 [error] [exception.CHttpException.404] exception 'CHttpException' with message 'Unable to resolve the request "jobstatus/update".' in /var/www/html/careysappliancerepairs.co.uk/html/yii/framework/web/CWebApplication.php:286
Stack trace:
#0 /var/www/html/careysappliancerepairs.co.uk/html/yii/framework/web/CWebApplication.php(141): CWebApplication->runController('jobstatus/updat...')
#1 /var/www/html/careysappliancerepairs.co.uk/html/yii/framework/base/CApplication.php(180): CWebApplication->processRequest()
#2 /var/www/html/careysappliancerepairs.co.uk/html/yii/chs/index.php(17): CApplication->run()
#3 {main}
REQUEST_URI=/yii/chs/index.php?r=jobstatus/update&id=1
HTTP_REFERER=http://www.careysappliancerepairs.co.uk/yii/chs/index.php?r=JobStatus/admin
---
2015/06/08 12:16:38 [error] [exception.CHttpException.404] exception 'CHttpException' with message 'Unable to resolve the request "jobstatus/update".' in /var/www/html/careysappliancerepairs.co.uk/html/yii/framework/web/CWebApplication.php:286
Stack trace:
#0 /var/www/html/careysappliancerepairs.co.uk/html/yii/framework/web/CWebApplication.php(141): CWebApplication->runController('jobstatus/updat...')
#1 /var/www/html/careysappliancerepairs.co.uk/html/yii/framework/base/CApplication.php(180): CWebApplication->processRequest()
#2 /var/www/html/careysappliancerepairs.co.uk/html/yii/chs/index.php(17): CApplication->run()
#3 {main}
REQUEST_URI=/yii/chs/index.php?r=jobstatus/update&id=1
HTTP_REFERER=http://www.careysappliancerepairs.co.uk/yii/chs/index.php?r=JobStatus/admin
---
2015/06/17 12:56:07 [error] [php] Undefined index: Profile (/var/www/html/careysappliancerepairs.co.uk/html/yii/chs/protected/modules/user/controllers/AdminController.php:77)
Stack trace:
#0 /var/www/html/careysappliancerepairs.co.uk/html/yii/framework/web/filters/CFilterChain.php(133): AdminController->runAction()
#1 /var/www/html/careysappliancerepairs.co.uk/html/yii/framework/web/filters/CFilter.php(40): CFilterChain->run()
#2 /var/www/html/careysappliancerepairs.co.uk/html/yii/framework/web/CController.php(1145): CAccessControlFilter->filter()
#3 /var/www/html/careysappliancerepairs.co.uk/html/yii/framework/web/filters/CInlineFilter.php(58): AdminController->filterAccessControl()
#4 /var/www/html/careysappliancerepairs.co.uk/html/yii/framework/web/filters/CFilterChain.php(130): CInlineFilter->filter()
#5 /var/www/html/careysappliancerepairs.co.uk/html/yii/framework/web/CController.php(291): CFilterChain->run()
#6 /var/www/html/careysappliancerepairs.co.uk/html/yii/framework/web/CController.php(265): AdminController->runActionWithFilters()
#7 /var/www/html/careysappliancerepairs.co.uk/html/yii/framework/web/CWebApplication.php(282): AdminController->run()
#8 /var/www/html/careysappliancerepairs.co.uk/html/yii/framework/web/CWebApplication.php(141): CWebApplication->runController()
#9 /var/www/html/careysappliancerepairs.co.uk/html/yii/framework/base/CApplication.php(180): CWebApplication->processRequest()
#10 /var/www/html/careysappliancerepairs.co.uk/html/yii/chs/index.php(17): CWebApplication->run()
REQUEST_URI=/yii/chs/index.php?r=user/admin/create
in /var/www/html/careysappliancerepairs.co.uk/html/yii/chs/protected/modules/user/controllers/AdminController.php (77)
in /var/www/html/careysappliancerepairs.co.uk/html/yii/chs/index.php (17)
2015/06/17 12:56:19 [error] [php] Undefined index: Profile (/var/www/html/careysappliancerepairs.co.uk/html/yii/chs/protected/modules/user/controllers/AdminController.php:77)
Stack trace:
#0 /var/www/html/careysappliancerepairs.co.uk/html/yii/framework/web/filters/CFilterChain.php(133): AdminController->runAction()
#1 /var/www/html/careysappliancerepairs.co.uk/html/yii/framework/web/filters/CFilter.php(40): CFilterChain->run()
#2 /var/www/html/careysappliancerepairs.co.uk/html/yii/framework/web/CController.php(1145): CAccessControlFilter->filter()
#3 /var/www/html/careysappliancerepairs.co.uk/html/yii/framework/web/filters/CInlineFilter.php(58): AdminController->filterAccessControl()
#4 /var/www/html/careysappliancerepairs.co.uk/html/yii/framework/web/filters/CFilterChain.php(130): CInlineFilter->filter()
#5 /var/www/html/careysappliancerepairs.co.uk/html/yii/framework/web/CController.php(291): CFilterChain->run()
#6 /var/www/html/careysappliancerepairs.co.uk/html/yii/framework/web/CController.php(265): AdminController->runActionWithFilters()
#7 /var/www/html/careysappliancerepairs.co.uk/html/yii/framework/web/CWebApplication.php(282): AdminController->run()
#8 /var/www/html/careysappliancerepairs.co.uk/html/yii/framework/web/CWebApplication.php(141): CWebApplication->runController()
#9 /var/www/html/careysappliancerepairs.co.uk/html/yii/framework/base/CApplication.php(180): CWebApplication->processRequest()
#10 /var/www/html/careysappliancerepairs.co.uk/html/yii/chs/index.php(17): CWebApplication->run()
REQUEST_URI=/yii/chs/index.php?r=user/admin/create
in /var/www/html/careysappliancerepairs.co.uk/html/yii/chs/protected/modules/user/controllers/AdminController.php (77)
in /var/www/html/careysappliancerepairs.co.uk/html/yii/chs/index.php (17)
2015/06/17 13:04:17 [error] [exception.CHttpException.403] exception 'CHttpException' with message 'You are not authorized to perform this action.' in /var/www/html/careysappliancerepairs.co.uk/html/yii/chs/protected/modules/rights/components/RController.php:62
Stack trace:
#0 /var/www/html/careysappliancerepairs.co.uk/html/yii/chs/protected/modules/rights/components/RightsFilter.php(57): RController->accessDenied()
#1 /var/www/html/careysappliancerepairs.co.uk/html/yii/framework/web/filters/CFilter.php(38): RightsFilter->preFilter(Object(CFilterChain))
#2 /var/www/html/careysappliancerepairs.co.uk/html/yii/chs/protected/modules/rights/components/RController.php(36): CFilter->filter(Object(CFilterChain))
#3 /var/www/html/careysappliancerepairs.co.uk/html/yii/framework/web/filters/CInlineFilter.php(58): RController->filterRights(Object(CFilterChain))
#4 /var/www/html/careysappliancerepairs.co.uk/html/yii/framework/web/filters/CFilterChain.php(130): CInlineFilter->filter(Object(CFilterChain))
#5 /var/www/html/careysappliancerepairs.co.uk/html/yii/framework/web/CController.php(291): CFilterChain->run()
#6 /var/www/html/careysappliancerepairs.co.uk/html/yii/framework/web/CController.php(265): CController->runActionWithFilters(Object(CInlineAction), Array)
#7 /var/www/html/careysappliancerepairs.co.uk/html/yii/framework/web/CWebApplication.php(282): CController->run('freeSearch')
#8 /var/www/html/careysappliancerepairs.co.uk/html/yii/framework/web/CWebApplication.php(141): CWebApplication->runController('servicecall/fre...')
#9 /var/www/html/careysappliancerepairs.co.uk/html/yii/framework/base/CApplication.php(180): CWebApplication->processRequest()
#10 /var/www/html/careysappliancerepairs.co.uk/html/yii/chs/index.php(17): CApplication->run()
#11 {main}
REQUEST_URI=/yii/chs/index.php?r=servicecall/freeSearch
HTTP_REFERER=http://www.careysappliancerepairs.co.uk/yii/chs/index.php?r=user/profile
---
2015/06/17 13:04:20 [error] [exception.CHttpException.403] exception 'CHttpException' with message 'You are not authorized to perform this action.' in /var/www/html/careysappliancerepairs.co.uk/html/yii/chs/protected/modules/rights/components/RController.php:62
Stack trace:
#0 /var/www/html/careysappliancerepairs.co.uk/html/yii/chs/protected/modules/rights/components/RightsFilter.php(57): RController->accessDenied()
#1 /var/www/html/careysappliancerepairs.co.uk/html/yii/framework/web/filters/CFilter.php(38): RightsFilter->preFilter(Object(CFilterChain))
#2 /var/www/html/careysappliancerepairs.co.uk/html/yii/chs/protected/modules/rights/components/RController.php(36): CFilter->filter(Object(CFilterChain))
#3 /var/www/html/careysappliancerepairs.co.uk/html/yii/framework/web/filters/CInlineFilter.php(58): RController->filterRights(Object(CFilterChain))
#4 /var/www/html/careysappliancerepairs.co.uk/html/yii/framework/web/filters/CFilterChain.php(130): CInlineFilter->filter(Object(CFilterChain))
#5 /var/www/html/careysappliancerepairs.co.uk/html/yii/framework/web/CController.php(291): CFilterChain->run()
#6 /var/www/html/careysappliancerepairs.co.uk/html/yii/framework/web/CController.php(265): CController->runActionWithFilters(Object(CInlineAction), Array)
#7 /var/www/html/careysappliancerepairs.co.uk/html/yii/framework/web/CWebApplication.php(282): CController->run('freeSearch')
#8 /var/www/html/careysappliancerepairs.co.uk/html/yii/framework/web/CWebApplication.php(141): CWebApplication->runController('servicecall/fre...')
#9 /var/www/html/careysappliancerepairs.co.uk/html/yii/framework/base/CApplication.php(180): CWebApplication->processRequest()
#10 /var/www/html/careysappliancerepairs.co.uk/html/yii/chs/index.php(17): CApplication->run()
#11 {main}
REQUEST_URI=/yii/chs/index.php?r=servicecall/freeSearch
HTTP_REFERER=http://www.careysappliancerepairs.co.uk/yii/chs/index.php?r=servicecall/freeSearch
---
2015/06/17 13:04:22 [error] [exception.CHttpException.403] exception 'CHttpException' with message 'You are not authorized to perform this action.' in /var/www/html/careysappliancerepairs.co.uk/html/yii/chs/protected/modules/rights/components/RController.php:62
Stack trace:
#0 /var/www/html/careysappliancerepairs.co.uk/html/yii/chs/protected/modules/rights/components/RightsFilter.php(57): RController->accessDenied()
#1 /var/www/html/careysappliancerepairs.co.uk/html/yii/framework/web/filters/CFilter.php(38): RightsFilter->preFilter(Object(CFilterChain))
#2 /var/www/html/careysappliancerepairs.co.uk/html/yii/chs/protected/modules/rights/components/RController.php(36): CFilter->filter(Object(CFilterChain))
#3 /var/www/html/careysappliancerepairs.co.uk/html/yii/framework/web/filters/CInlineFilter.php(58): RController->filterRights(Object(CFilterChain))
#4 /var/www/html/careysappliancerepairs.co.uk/html/yii/framework/web/filters/CFilterChain.php(130): CInlineFilter->filter(Object(CFilterChain))
#5 /var/www/html/careysappliancerepairs.co.uk/html/yii/framework/web/CController.php(291): CFilterChain->run()
#6 /var/www/html/careysappliancerepairs.co.uk/html/yii/framework/web/CController.php(265): CController->runActionWithFilters(Object(CInlineAction), Array)
#7 /var/www/html/careysappliancerepairs.co.uk/html/yii/framework/web/CWebApplication.php(282): CController->run('freeSearch')
#8 /var/www/html/careysappliancerepairs.co.uk/html/yii/framework/web/CWebApplication.php(141): CWebApplication->runController('servicecall/fre...')
#9 /var/www/html/careysappliancerepairs.co.uk/html/yii/framework/base/CApplication.php(180): CWebApplication->processRequest()
#10 /var/www/html/careysappliancerepairs.co.uk/html/yii/chs/index.php(17): CApplication->run()
#11 {main}
REQUEST_URI=/yii/chs/index.php?r=servicecall/freeSearch
HTTP_REFERER=http://www.careysappliancerepairs.co.uk/yii/chs/index.php?r=servicecall/freeSearch
---
2015/06/17 13:04:24 [error] [exception.CHttpException.403] exception 'CHttpException' with message 'You are not authorized to perform this action.' in /var/www/html/careysappliancerepairs.co.uk/html/yii/chs/protected/modules/rights/components/RController.php:62
Stack trace:
#0 /var/www/html/careysappliancerepairs.co.uk/html/yii/chs/protected/modules/rights/components/RightsFilter.php(57): RController->accessDenied()
#1 /var/www/html/careysappliancerepairs.co.uk/html/yii/framework/web/filters/CFilter.php(38): RightsFilter->preFilter(Object(CFilterChain))
#2 /var/www/html/careysappliancerepairs.co.uk/html/yii/chs/protected/modules/rights/components/RController.php(36): CFilter->filter(Object(CFilterChain))
#3 /var/www/html/careysappliancerepairs.co.uk/html/yii/framework/web/filters/CInlineFilter.php(58): RController->filterRights(Object(CFilterChain))
#4 /var/www/html/careysappliancerepairs.co.uk/html/yii/framework/web/filters/CFilterChain.php(130): CInlineFilter->filter(Object(CFilterChain))
#5 /var/www/html/careysappliancerepairs.co.uk/html/yii/framework/web/CController.php(291): CFilterChain->run()
#6 /var/www/html/careysappliancerepairs.co.uk/html/yii/framework/web/CController.php(265): CController->runActionWithFilters(Object(CInlineAction), Array)
#7 /var/www/html/careysappliancerepairs.co.uk/html/yii/framework/web/CWebApplication.php(282): CController->run('view')
#8 /var/www/html/careysappliancerepairs.co.uk/html/yii/framework/web/CWebApplication.php(141): CWebApplication->runController('setup/view')
#9 /var/www/html/careysappliancerepairs.co.uk/html/yii/framework/base/CApplication.php(180): CWebApplication->processRequest()
#10 /var/www/html/careysappliancerepairs.co.uk/html/yii/chs/index.php(17): CApplication->run()
#11 {main}
REQUEST_URI=/yii/chs/index.php?r=setup/view&id=1
HTTP_REFERER=http://www.careysappliancerepairs.co.uk/yii/chs/index.php?r=servicecall/freeSearch
---
2015/06/17 13:04:26 [error] [exception.CHttpException.403] exception 'CHttpException' with message 'You are not authorized to perform this action.' in /var/www/html/careysappliancerepairs.co.uk/html/yii/chs/protected/modules/rights/components/RController.php:62
Stack trace:
#0 /var/www/html/careysappliancerepairs.co.uk/html/yii/chs/protected/modules/rights/components/RightsFilter.php(57): RController->accessDenied()
#1 /var/www/html/careysappliancerepairs.co.uk/html/yii/framework/web/filters/CFilter.php(38): RightsFilter->preFilter(Object(CFilterChain))
#2 /var/www/html/careysappliancerepairs.co.uk/html/yii/chs/protected/modules/rights/components/RController.php(36): CFilter->filter(Object(CFilterChain))
#3 /var/www/html/careysappliancerepairs.co.uk/html/yii/framework/web/filters/CInlineFilter.php(58): RController->filterRights(Object(CFilterChain))
#4 /var/www/html/careysappliancerepairs.co.uk/html/yii/framework/web/filters/CFilterChain.php(130): CInlineFilter->filter(Object(CFilterChain))
#5 /var/www/html/careysappliancerepairs.co.uk/html/yii/framework/web/CController.php(291): CFilterChain->run()
#6 /var/www/html/careysappliancerepairs.co.uk/html/yii/framework/web/CController.php(265): CController->runActionWithFilters(Object(CInlineAction), Array)
#7 /var/www/html/careysappliancerepairs.co.uk/html/yii/framework/web/CWebApplication.php(282): CController->run('view')
#8 /var/www/html/careysappliancerepairs.co.uk/html/yii/framework/web/CWebApplication.php(141): CWebApplication->runController('setup/view')
#9 /var/www/html/careysappliancerepairs.co.uk/html/yii/framework/base/CApplication.php(180): CWebApplication->processRequest()
#10 /var/www/html/careysappliancerepairs.co.uk/html/yii/chs/index.php(17): CApplication->run()
#11 {main}
REQUEST_URI=/yii/chs/index.php?r=setup/view&id=1
HTTP_REFERER=http://www.careysappliancerepairs.co.uk/yii/chs/index.php?r=setup/view&id=1
---
2015/06/18 18:04:15 [error] [php] Trying to get property of non-object (/var/www/html/careysappliancerepairs.co.uk/html/yii/chs/protected/views/brand/view.php:33)
Stack trace:
#0 /var/www/html/careysappliancerepairs.co.uk/html/yii/framework/web/CController.php(869): BrandController->renderFile()
#1 /var/www/html/careysappliancerepairs.co.uk/html/yii/framework/web/CController.php(782): BrandController->renderPartial()
#2 /var/www/html/careysappliancerepairs.co.uk/html/yii/chs/protected/controllers/BrandController.php(55): BrandController->render()
#3 unknown(0): BrandController->actionView()
#4 /var/www/html/careysappliancerepairs.co.uk/html/yii/framework/web/actions/CAction.php(108): ReflectionMethod->invokeArgs()
#5 /var/www/html/careysappliancerepairs.co.uk/html/yii/framework/web/actions/CInlineAction.php(47): CInlineAction->runWithParamsInternal()
#6 /var/www/html/careysappliancerepairs.co.uk/html/yii/framework/web/CController.php(308): CInlineAction->runWithParams()
#7 /var/www/html/careysappliancerepairs.co.uk/html/yii/framework/web/filters/CFilterChain.php(133): BrandController->runAction()
#8 /var/www/html/careysappliancerepairs.co.uk/html/yii/framework/web/filters/CFilter.php(40): CFilterChain->run()
#9 /var/www/html/careysappliancerepairs.co.uk/html/yii/chs/protected/modules/rights/components/RController.php(36): RightsFilter->filter()
#10 /var/www/html/careysappliancerepairs.co.uk/html/yii/framework/web/filters/CInlineFilter.php(58): BrandController->filterRights()
#11 /var/www/html/careysappliancerepairs.co.uk/html/yii/framework/web/filters/CFilterChain.php(130): CInlineFilter->filter()
#12 /var/www/html/careysappliancerepairs.co.uk/html/yii/framework/web/CController.php(291): CFilterChain->run()
#13 /var/www/html/careysappliancerepairs.co.uk/html/yii/framework/web/CController.php(265): BrandController->runActionWithFilters()
#14 /var/www/html/careysappliancerepairs.co.uk/html/yii/framework/web/CWebApplication.php(282): BrandController->run()
#15 /var/www/html/careysappliancerepairs.co.uk/html/yii/framework/web/CWebApplication.php(141): CWebApplication->runController()
#16 /var/www/html/careysappliancerepairs.co.uk/html/yii/framework/base/CApplication.php(180): CWebApplication->processRequest()
#17 /var/www/html/careysappliancerepairs.co.uk/html/yii/chs/index.php(17): CWebApplication->run()
REQUEST_URI=/yii/chs/index.php?r=brand/view&id=24
in /var/www/html/careysappliancerepairs.co.uk/html/yii/chs/protected/views/brand/view.php (33)
in /var/www/html/careysappliancerepairs.co.uk/html/yii/chs/protected/controllers/BrandController.php (55)
in /var/www/html/careysappliancerepairs.co.uk/html/yii/chs/protected/modules/rights/components/RController.php (36)
2015/06/26 14:45:37 [error] [exception.CHttpException.404] exception 'CHttpException' with message 'The requested page does not exist.' in /var/www/html/careysappliancerepairs.co.uk/html/yii/chs/protected/controllers/TasksToDoController.php:158
Stack trace:
#0 /var/www/html/careysappliancerepairs.co.uk/html/yii/chs/protected/controllers/TasksToDoController.php(115): TasksToDoController->loadModel('2')
#1 [internal function]: TasksToDoController->actionDelete('2')
#2 /var/www/html/careysappliancerepairs.co.uk/html/yii/framework/web/actions/CAction.php(108): ReflectionMethod->invokeArgs(Object(TasksToDoController), Array)
#3 /var/www/html/careysappliancerepairs.co.uk/html/yii/framework/web/actions/CInlineAction.php(47): CAction->runWithParamsInternal(Object(TasksToDoController), Object(ReflectionMethod), Array)
#4 /var/www/html/careysappliancerepairs.co.uk/html/yii/framework/web/CController.php(308): CInlineAction->runWithParams(Array)
#5 /var/www/html/careysappliancerepairs.co.uk/html/yii/framework/web/filters/CFilterChain.php(133): CController->runAction(Object(CInlineAction))
#6 /var/www/html/careysappliancerepairs.co.uk/html/yii/framework/web/filters/CFilter.php(40): CFilterChain->run()
#7 /var/www/html/careysappliancerepairs.co.uk/html/yii/chs/protected/modules/rights/components/RController.php(36): CFilter->filter(Object(CFilterChain))
#8 /var/www/html/careysappliancerepairs.co.uk/html/yii/framework/web/filters/CInlineFilter.php(58): RController->filterRights(Object(CFilterChain))
#9 /var/www/html/careysappliancerepairs.co.uk/html/yii/framework/web/filters/CFilterChain.php(130): CInlineFilter->filter(Object(CFilterChain))
#10 /var/www/html/careysappliancerepairs.co.uk/html/yii/framework/web/CController.php(291): CFilterChain->run()
#11 /var/www/html/careysappliancerepairs.co.uk/html/yii/framework/web/CController.php(265): CController->runActionWithFilters(Object(CInlineAction), Array)
#12 /var/www/html/careysappliancerepairs.co.uk/html/yii/framework/web/CWebApplication.php(282): CController->run('delete')
#13 /var/www/html/careysappliancerepairs.co.uk/html/yii/framework/web/CWebApplication.php(141): CWebApplication->runController('tasksToDo/delet...')
#14 /var/www/html/careysappliancerepairs.co.uk/html/yii/framework/base/CApplication.php(180): CWebApplication->processRequest()
#15 /var/www/html/careysappliancerepairs.co.uk/html/yii/chs/index.php(17): CApplication->run()
#16 {main}
REQUEST_URI=/yii/chs/index.php?ajax=tasks-to-do-grid&id=2&r=tasksToDo%2Fdelete
HTTP_REFERER=http://www.careysappliancerepairs.co.uk/yii/chs/index.php?r=tasksToDo/admin
---
2015/06/26 14:45:39 [error] [exception.CHttpException.404] exception 'CHttpException' with message 'The requested page does not exist.' in /var/www/html/careysappliancerepairs.co.uk/html/yii/chs/protected/controllers/TasksToDoController.php:158
Stack trace:
#0 /var/www/html/careysappliancerepairs.co.uk/html/yii/chs/protected/controllers/TasksToDoController.php(115): TasksToDoController->loadModel('3')
#1 [internal function]: TasksToDoController->actionDelete('3')
#2 /var/www/html/careysappliancerepairs.co.uk/html/yii/framework/web/actions/CAction.php(108): ReflectionMethod->invokeArgs(Object(TasksToDoController), Array)
#3 /var/www/html/careysappliancerepairs.co.uk/html/yii/framework/web/actions/CInlineAction.php(47): CAction->runWithParamsInternal(Object(TasksToDoController), Object(ReflectionMethod), Array)
#4 /var/www/html/careysappliancerepairs.co.uk/html/yii/framework/web/CController.php(308): CInlineAction->runWithParams(Array)
#5 /var/www/html/careysappliancerepairs.co.uk/html/yii/framework/web/filters/CFilterChain.php(133): CController->runAction(Object(CInlineAction))
#6 /var/www/html/careysappliancerepairs.co.uk/html/yii/framework/web/filters/CFilter.php(40): CFilterChain->run()
#7 /var/www/html/careysappliancerepairs.co.uk/html/yii/chs/protected/modules/rights/components/RController.php(36): CFilter->filter(Object(CFilterChain))
#8 /var/www/html/careysappliancerepairs.co.uk/html/yii/framework/web/filters/CInlineFilter.php(58): RController->filterRights(Object(CFilterChain))
#9 /var/www/html/careysappliancerepairs.co.uk/html/yii/framework/web/filters/CFilterChain.php(130): CInlineFilter->filter(Object(CFilterChain))
#10 /var/www/html/careysappliancerepairs.co.uk/html/yii/framework/web/CController.php(291): CFilterChain->run()
#11 /var/www/html/careysappliancerepairs.co.uk/html/yii/framework/web/CController.php(265): CController->runActionWithFilters(Object(CInlineAction), Array)
#12 /var/www/html/careysappliancerepairs.co.uk/html/yii/framework/web/CWebApplication.php(282): CController->run('delete')
#13 /var/www/html/careysappliancerepairs.co.uk/html/yii/framework/web/CWebApplication.php(141): CWebApplication->runController('tasksToDo/delet...')
#14 /var/www/html/careysappliancerepairs.co.uk/html/yii/framework/base/CApplication.php(180): CWebApplication->processRequest()
#15 /var/www/html/careysappliancerepairs.co.uk/html/yii/chs/index.php(17): CApplication->run()
#16 {main}
REQUEST_URI=/yii/chs/index.php?ajax=tasks-to-do-grid&id=3&r=tasksToDo%2Fdelete
HTTP_REFERER=http://www.careysappliancerepairs.co.uk/yii/chs/index.php?r=tasksToDo/admin
---
2015/08/06 13:09:17 [error] [php] Trying to get property of non-object (/var/www/html/careysappliancerepairs.co.uk/html/yii/framework/base/CComponent.php(612) : eval()'d code:1)
Stack trace:
#0 /var/www/html/careysappliancerepairs.co.uk/html/yii/framework/zii/widgets/grid/CGridColumn.php(151): CDataColumn->renderDataCellContent()
#1 /var/www/html/careysappliancerepairs.co.uk/html/yii/framework/zii/widgets/grid/CGridView.php(616): CDataColumn->renderDataCell()
#2 /var/www/html/careysappliancerepairs.co.uk/html/yii/framework/zii/widgets/grid/CGridView.php(572): CGridView->renderTableRow()
#3 /var/www/html/careysappliancerepairs.co.uk/html/yii/framework/zii/widgets/grid/CGridView.php(482): CGridView->renderTableBody()
#4 /var/www/html/careysappliancerepairs.co.uk/html/yii/framework/zii/widgets/CBaseListView.php(167): CGridView->renderItems()
#5 unknown(0): CGridView->renderSection()
#6 /var/www/html/careysappliancerepairs.co.uk/html/yii/framework/zii/widgets/CBaseListView.php(150): preg_replace_callback()
#7 /var/www/html/careysappliancerepairs.co.uk/html/yii/framework/zii/widgets/CBaseListView.php(135): CGridView->renderContent()
#8 /var/www/html/careysappliancerepairs.co.uk/html/yii/framework/web/CBaseController.php(173): CGridView->run()
#9 /var/www/html/careysappliancerepairs.co.uk/html/yii/chs/protected/modules/gomobile/views/gmservicecalls/admin.php(58): GmservicecallsController->widget()
#10 /var/www/html/careysappliancerepairs.co.uk/html/yii/framework/web/CBaseController.php(126): require()
#11 /var/www/html/careysappliancerepairs.co.uk/html/yii/framework/web/CBaseController.php(95): GmservicecallsController->renderInternal()
#12 /var/www/html/careysappliancerepairs.co.uk/html/yii/framework/web/CController.php(869): GmservicecallsController->renderFile()
#13 /var/www/html/careysappliancerepairs.co.uk/html/yii/framework/web/CController.php(782): GmservicecallsController->renderPartial()
#14 /var/www/html/careysappliancerepairs.co.uk/html/yii/chs/protected/modules/gomobile/controllers/GmservicecallsController.php(143): GmservicecallsController->render()
#15 /var/www/html/careysappliancerepairs.co.uk/html/yii/framework/web/actions/CInlineAction.php(49): GmservicecallsController->actionAdmin()
#16 /var/www/html/careysappliancerepairs.co.uk/html/yii/framework/web/CController.php(308): CInlineAction->runWithParams()
#17 /var/www/html/careysappliancerepairs.co.uk/html/yii/framework/web/filters/CFilterChain.php(133): GmservicecallsController->runAction()
#18 /var/www/html/careysappliancerepairs.co.uk/html/yii/framework/web/filters/CFilter.php(40): CFilterChain->run()
#19 /var/www/html/careysappliancerepairs.co.uk/html/yii/chs/protected/modules/rights/components/RController.php(36): RightsFilter->filter()
#20 /var/www/html/careysappliancerepairs.co.uk/html/yii/framework/web/filters/CInlineFilter.php(58): GmservicecallsController->filterRights()
#21 /var/www/html/careysappliancerepairs.co.uk/html/yii/framework/web/filters/CFilterChain.php(130): CInlineFilter->filter()
#22 /var/www/html/careysappliancerepairs.co.uk/html/yii/framework/web/CController.php(291): CFilterChain->run()
#23 /var/www/html/careysappliancerepairs.co.uk/html/yii/framework/web/CController.php(265): GmservicecallsController->runActionWithFilters()
#24 /var/www/html/careysappliancerepairs.co.uk/html/yii/framework/web/CWebApplication.php(282): GmservicecallsController->run()
#25 /var/www/html/careysappliancerepairs.co.uk/html/yii/framework/web/CWebApplication.php(141): CWebApplication->runController()
#26 /var/www/html/careysappliancerepairs.co.uk/html/yii/framework/base/CApplication.php(180): CWebApplication->processRequest()
#27 /var/www/html/careysappliancerepairs.co.uk/html/yii/chs/index.php(17): CWebApplication->run()
REQUEST_URI=/yii/chs/index.php?r=gomobile/gmservicecalls/admin
in /var/www/html/careysappliancerepairs.co.uk/html/yii/chs/protected/modules/gomobile/views/gmservicecalls/admin.php (58)
in /var/www/html/careysappliancerepairs.co.uk/html/yii/chs/protected/modules/gomobile/controllers/GmservicecallsController.php (143)
in /var/www/html/careysappliancerepairs.co.uk/html/yii/chs/protected/modules/rights/components/RController.php (36)
2015/08/06 13:09:27 [error] [php] Trying to get property of non-object (/var/www/html/careysappliancerepairs.co.uk/html/yii/framework/base/CComponent.php(612) : eval()'d code:1)
Stack trace:
#0 /var/www/html/careysappliancerepairs.co.uk/html/yii/framework/zii/widgets/grid/CGridColumn.php(151): CDataColumn->renderDataCellContent()
#1 /var/www/html/careysappliancerepairs.co.uk/html/yii/framework/zii/widgets/grid/CGridView.php(616): CDataColumn->renderDataCell()
#2 /var/www/html/careysappliancerepairs.co.uk/html/yii/framework/zii/widgets/grid/CGridView.php(572): CGridView->renderTableRow()
#3 /var/www/html/careysappliancerepairs.co.uk/html/yii/framework/zii/widgets/grid/CGridView.php(482): CGridView->renderTableBody()
#4 /var/www/html/careysappliancerepairs.co.uk/html/yii/framework/zii/widgets/CBaseListView.php(167): CGridView->renderItems()
#5 unknown(0): CGridView->renderSection()
#6 /var/www/html/careysappliancerepairs.co.uk/html/yii/framework/zii/widgets/CBaseListView.php(150): preg_replace_callback()
#7 /var/www/html/careysappliancerepairs.co.uk/html/yii/framework/zii/widgets/CBaseListView.php(135): CGridView->renderContent()
#8 /var/www/html/careysappliancerepairs.co.uk/html/yii/framework/web/CBaseController.php(173): CGridView->run()
#9 /var/www/html/careysappliancerepairs.co.uk/html/yii/chs/protected/modules/gomobile/views/gmservicecalls/admin.php(58): GmservicecallsController->widget()
#10 /var/www/html/careysappliancerepairs.co.uk/html/yii/framework/web/CBaseController.php(126): require()
#11 /var/www/html/careysappliancerepairs.co.uk/html/yii/framework/web/CBaseController.php(95): GmservicecallsController->renderInternal()
#12 /var/www/html/careysappliancerepairs.co.uk/html/yii/framework/web/CController.php(869): GmservicecallsController->renderFile()
#13 /var/www/html/careysappliancerepairs.co.uk/html/yii/framework/web/CController.php(782): GmservicecallsController->renderPartial()
#14 /var/www/html/careysappliancerepairs.co.uk/html/yii/chs/protected/modules/gomobile/controllers/GmservicecallsController.php(143): GmservicecallsController->render()
#15 /var/www/html/careysappliancerepairs.co.uk/html/yii/framework/web/actions/CInlineAction.php(49): GmservicecallsController->actionAdmin()
#16 /var/www/html/careysappliancerepairs.co.uk/html/yii/framework/web/CController.php(308): CInlineAction->runWithParams()
#17 /var/www/html/careysappliancerepairs.co.uk/html/yii/framework/web/filters/CFilterChain.php(133): GmservicecallsController->runAction()
#18 /var/www/html/careysappliancerepairs.co.uk/html/yii/framework/web/filters/CFilter.php(40): CFilterChain->run()
#19 /var/www/html/careysappliancerepairs.co.uk/html/yii/chs/protected/modules/rights/components/RController.php(36): RightsFilter->filter()
#20 /var/www/html/careysappliancerepairs.co.uk/html/yii/framework/web/filters/CInlineFilter.php(58): GmservicecallsController->filterRights()
#21 /var/www/html/careysappliancerepairs.co.uk/html/yii/framework/web/filters/CFilterChain.php(130): CInlineFilter->filter()
#22 /var/www/html/careysappliancerepairs.co.uk/html/yii/framework/web/CController.php(291): CFilterChain->run()
#23 /var/www/html/careysappliancerepairs.co.uk/html/yii/framework/web/CController.php(265): GmservicecallsController->runActionWithFilters()
#24 /var/www/html/careysappliancerepairs.co.uk/html/yii/framework/web/CWebApplication.php(282): GmservicecallsController->run()
#25 /var/www/html/careysappliancerepairs.co.uk/html/yii/framework/web/CWebApplication.php(141): CWebApplication->runController()
#26 /var/www/html/careysappliancerepairs.co.uk/html/yii/framework/base/CApplication.php(180): CWebApplication->processRequest()
#27 /var/www/html/careysappliancerepairs.co.uk/html/yii/chs/index.php(17): CWebApplication->run()
REQUEST_URI=/yii/chs/index.php?r=gomobile/gmservicecalls/admin
in /var/www/html/careysappliancerepairs.co.uk/html/yii/chs/protected/modules/gomobile/views/gmservicecalls/admin.php (58)
in /var/www/html/careysappliancerepairs.co.uk/html/yii/chs/protected/modules/gomobile/controllers/GmservicecallsController.php (143)
in /var/www/html/careysappliancerepairs.co.uk/html/yii/chs/protected/modules/rights/components/RController.php (36)
2015/11/06 17:46:00 [error] [php] include(ZipArchive.php): failed to open stream: No such file or directory (/opt/lampp/htdocs/careys/yii/framework/YiiBase.php:427)
Stack trace:
#0 /opt/lampp/htdocs/careys/yii/chs/protected/extensions/zip/EZip.php(42): spl_autoload_call()
#1 /opt/lampp/htdocs/careys/yii/chs/protected/controllers/SiteController.php(121): EZip->makeZip()
#2 /opt/lampp/htdocs/careys/yii/framework/web/actions/CInlineAction.php(49): SiteController->actionBackup()
#3 /opt/lampp/htdocs/careys/yii/framework/web/CController.php(308): CInlineAction->runWithParams()
#4 /opt/lampp/htdocs/careys/yii/framework/web/CController.php(286): SiteController->runAction()
#5 /opt/lampp/htdocs/careys/yii/framework/web/CController.php(265): SiteController->runActionWithFilters()
#6 /opt/lampp/htdocs/careys/yii/framework/web/CWebApplication.php(282): SiteController->run()
#7 /opt/lampp/htdocs/careys/yii/framework/web/CWebApplication.php(141): CWebApplication->runController()
#8 /opt/lampp/htdocs/careys/yii/framework/base/CApplication.php(180): CWebApplication->processRequest()
#9 /opt/lampp/htdocs/careys/yii/chs/index.php(17): CWebApplication->run()
REQUEST_URI=/careys/yii/chs/index.php?r=site/backup
in /opt/lampp/htdocs/careys/yii/chs/protected/extensions/zip/EZip.php (42)
in /opt/lampp/htdocs/careys/yii/chs/protected/controllers/SiteController.php (121)
in /opt/lampp/htdocs/careys/yii/chs/index.php (17)
2015/11/09 13:59:21 [error] [php] Trying to get property of non-object (/opt/lampp/htdocs/careys/yii/framework/base/CComponent.php(612) : eval()'d code:1)
Stack trace:
#0 /opt/lampp/htdocs/careys/yii/framework/zii/widgets/grid/CGridColumn.php(151): CDataColumn->renderDataCellContent()
#1 /opt/lampp/htdocs/careys/yii/framework/zii/widgets/grid/CGridView.php(616): CDataColumn->renderDataCell()
#2 /opt/lampp/htdocs/careys/yii/framework/zii/widgets/grid/CGridView.php(572): CGridView->renderTableRow()
#3 /opt/lampp/htdocs/careys/yii/framework/zii/widgets/grid/CGridView.php(482): CGridView->renderTableBody()
#4 /opt/lampp/htdocs/careys/yii/framework/zii/widgets/CBaseListView.php(167): CGridView->renderItems()
#5 unknown(0): CGridView->renderSection()
#6 /opt/lampp/htdocs/careys/yii/framework/zii/widgets/CBaseListView.php(150): preg_replace_callback()
#7 /opt/lampp/htdocs/careys/yii/framework/zii/widgets/CBaseListView.php(135): CGridView->renderContent()
#8 /opt/lampp/htdocs/careys/yii/framework/web/CBaseController.php(173): CGridView->run()
#9 /opt/lampp/htdocs/careys/yii/chs/protected/modules/gomobile/views/gmservicecalls/admin.php(58): GmservicecallsController->widget()
#10 /opt/lampp/htdocs/careys/yii/framework/web/CBaseController.php(126): require()
#11 /opt/lampp/htdocs/careys/yii/framework/web/CBaseController.php(95): GmservicecallsController->renderInternal()
#12 /opt/lampp/htdocs/careys/yii/framework/web/CController.php(869): GmservicecallsController->renderFile()
#13 /opt/lampp/htdocs/careys/yii/framework/web/CController.php(782): GmservicecallsController->renderPartial()
#14 /opt/lampp/htdocs/careys/yii/chs/protected/modules/gomobile/controllers/GmservicecallsController.php(143): GmservicecallsController->render()
#15 /opt/lampp/htdocs/careys/yii/framework/web/actions/CInlineAction.php(49): GmservicecallsController->actionAdmin()
#16 /opt/lampp/htdocs/careys/yii/framework/web/CController.php(308): CInlineAction->runWithParams()
#17 /opt/lampp/htdocs/careys/yii/framework/web/filters/CFilterChain.php(133): GmservicecallsController->runAction()
#18 /opt/lampp/htdocs/careys/yii/framework/web/filters/CFilter.php(40): CFilterChain->run()
#19 /opt/lampp/htdocs/careys/yii/chs/protected/modules/rights/components/RController.php(36): RightsFilter->filter()
#20 /opt/lampp/htdocs/careys/yii/framework/web/filters/CInlineFilter.php(58): GmservicecallsController->filterRights()
#21 /opt/lampp/htdocs/careys/yii/framework/web/filters/CFilterChain.php(130): CInlineFilter->filter()
#22 /opt/lampp/htdocs/careys/yii/framework/web/CController.php(291): CFilterChain->run()
#23 /opt/lampp/htdocs/careys/yii/framework/web/CController.php(265): GmservicecallsController->runActionWithFilters()
#24 /opt/lampp/htdocs/careys/yii/framework/web/CWebApplication.php(282): GmservicecallsController->run()
#25 /opt/lampp/htdocs/careys/yii/framework/web/CWebApplication.php(141): CWebApplication->runController()
#26 /opt/lampp/htdocs/careys/yii/framework/base/CApplication.php(180): CWebApplication->processRequest()
#27 /opt/lampp/htdocs/careys/yii/chs/index.php(17): CWebApplication->run()
REQUEST_URI=/careys/yii/chs/index.php?r=gomobile/gmservicecalls/admin
in /opt/lampp/htdocs/careys/yii/chs/protected/modules/gomobile/views/gmservicecalls/admin.php (58)
in /opt/lampp/htdocs/careys/yii/chs/protected/modules/gomobile/controllers/GmservicecallsController.php (143)
in /opt/lampp/htdocs/careys/yii/chs/protected/modules/rights/components/RController.php (36)
2015/11/09 18:35:49 [error] [php] Trying to get property of non-object (/opt/lampp/htdocs/careys/yii/framework/base/CComponent.php(612) : eval()'d code:1)
Stack trace:
#0 /opt/lampp/htdocs/careys/yii/framework/zii/widgets/grid/CGridColumn.php(151): CDataColumn->renderDataCellContent()
#1 /opt/lampp/htdocs/careys/yii/framework/zii/widgets/grid/CGridView.php(616): CDataColumn->renderDataCell()
#2 /opt/lampp/htdocs/careys/yii/framework/zii/widgets/grid/CGridView.php(572): CGridView->renderTableRow()
#3 /opt/lampp/htdocs/careys/yii/framework/zii/widgets/grid/CGridView.php(482): CGridView->renderTableBody()
#4 /opt/lampp/htdocs/careys/yii/framework/zii/widgets/CBaseListView.php(167): CGridView->renderItems()
#5 unknown(0): CGridView->renderSection()
#6 /opt/lampp/htdocs/careys/yii/framework/zii/widgets/CBaseListView.php(150): preg_replace_callback()
#7 /opt/lampp/htdocs/careys/yii/framework/zii/widgets/CBaseListView.php(135): CGridView->renderContent()
#8 /opt/lampp/htdocs/careys/yii/framework/web/CBaseController.php(173): CGridView->run()
#9 /opt/lampp/htdocs/careys/yii/chs/protected/modules/gomobile/views/gmservicecalls/admin.php(58): GmservicecallsController->widget()
#10 /opt/lampp/htdocs/careys/yii/framework/web/CBaseController.php(126): require()
#11 /opt/lampp/htdocs/careys/yii/framework/web/CBaseController.php(95): GmservicecallsController->renderInternal()
#12 /opt/lampp/htdocs/careys/yii/framework/web/CController.php(869): GmservicecallsController->renderFile()
#13 /opt/lampp/htdocs/careys/yii/framework/web/CController.php(782): GmservicecallsController->renderPartial()
#14 /opt/lampp/htdocs/careys/yii/chs/protected/modules/gomobile/controllers/GmservicecallsController.php(143): GmservicecallsController->render()
#15 /opt/lampp/htdocs/careys/yii/framework/web/actions/CInlineAction.php(49): GmservicecallsController->actionAdmin()
#16 /opt/lampp/htdocs/careys/yii/framework/web/CController.php(308): CInlineAction->runWithParams()
#17 /opt/lampp/htdocs/careys/yii/framework/web/filters/CFilterChain.php(133): GmservicecallsController->runAction()
#18 /opt/lampp/htdocs/careys/yii/framework/web/filters/CFilter.php(40): CFilterChain->run()
#19 /opt/lampp/htdocs/careys/yii/chs/protected/modules/rights/components/RController.php(36): RightsFilter->filter()
#20 /opt/lampp/htdocs/careys/yii/framework/web/filters/CInlineFilter.php(58): GmservicecallsController->filterRights()
#21 /opt/lampp/htdocs/careys/yii/framework/web/filters/CFilterChain.php(130): CInlineFilter->filter()
#22 /opt/lampp/htdocs/careys/yii/framework/web/CController.php(291): CFilterChain->run()
#23 /opt/lampp/htdocs/careys/yii/framework/web/CController.php(265): GmservicecallsController->runActionWithFilters()
#24 /opt/lampp/htdocs/careys/yii/framework/web/CWebApplication.php(282): GmservicecallsController->run()
#25 /opt/lampp/htdocs/careys/yii/framework/web/CWebApplication.php(141): CWebApplication->runController()
#26 /opt/lampp/htdocs/careys/yii/framework/base/CApplication.php(180): CWebApplication->processRequest()
#27 /opt/lampp/htdocs/careys/yii/chs/index.php(17): CWebApplication->run()
REQUEST_URI=/careys/yii/chs/index.php?r=gomobile/gmservicecalls/admin
in /opt/lampp/htdocs/careys/yii/chs/protected/modules/gomobile/views/gmservicecalls/admin.php (58)
in /opt/lampp/htdocs/careys/yii/chs/protected/modules/gomobile/controllers/GmservicecallsController.php (143)
in /opt/lampp/htdocs/careys/yii/chs/protected/modules/rights/components/RController.php (36)
2015/11/16 13:59:39 [error] [exception.CHttpException.404] exception 'CHttpException' with message 'The system is unable to find the requested action "UpdateEndDateTime?diary_id=1308".' in /opt/lampp/htdocs/careys/yii/framework/web/CController.php:483
Stack trace:
#0 /opt/lampp/htdocs/careys/yii/framework/web/CController.php(270): CController->missingAction('UpdateEndDateTi...')
#1 /opt/lampp/htdocs/careys/yii/framework/web/CWebApplication.php(282): CController->run('UpdateEndDateTi...')
#2 /opt/lampp/htdocs/careys/yii/framework/web/CWebApplication.php(141): CWebApplication->runController('api/UpdateEndDa...')
#3 /opt/lampp/htdocs/careys/yii/framework/base/CApplication.php(180): CWebApplication->processRequest()
#4 /opt/lampp/htdocs/careys/yii/chs/index.php(17): CApplication->run()
#5 {main}
REQUEST_URI=/careys/yii/chs/index.php?r=api/UpdateEndDateTime?diary_id=1308&minutes=180
HTTP_REFERER=http://212.248.209.115:255/careys/yii/chs/index.php?r=enggdiary/viewFullDiary&engg_id=90000000
---
2015/11/18 12:15:06 [error] [exception.CException] exception 'CException' with message 'Property "JobStatus.htmlname" is not defined.' in /opt/lampp/htdocs/careys/yii/framework/base/CComponent.php:130
Stack trace:
#0 /opt/lampp/htdocs/careys/yii/framework/db/ar/CActiveRecord.php(145): CComponent->__get('htmlname')
#1 /opt/lampp/htdocs/careys/yii/chs/protected/views/servicecall/_ajax_search.php(184): CActiveRecord->__get('htmlname')
#2 /opt/lampp/htdocs/careys/yii/framework/web/CBaseController.php(126): require('/opt/lampp/htdo...')
#3 /opt/lampp/htdocs/careys/yii/framework/web/CBaseController.php(95): CBaseController->renderInternal('/opt/lampp/htdo...', Array, true)
#4 /opt/lampp/htdocs/careys/yii/framework/web/CController.php(869): CBaseController->renderFile('/opt/lampp/htdo...', Array, true)
#5 /opt/lampp/htdocs/careys/yii/chs/protected/controllers/ServicecallController.php(596): CController->renderPartial('_ajax_search', Array)
#6 [internal function]: ServicecallController->actionSearchEngine('ip31')
#7 /opt/lampp/htdocs/careys/yii/framework/web/actions/CAction.php(108): ReflectionMethod->invokeArgs(Object(ServicecallController), Array)
#8 /opt/lampp/htdocs/careys/yii/framework/web/actions/CInlineAction.php(47): CAction->runWithParamsInternal(Object(ServicecallController), Object(ReflectionMethod), Array)
#9 /opt/lampp/htdocs/careys/yii/framework/web/CController.php(308): CInlineAction->runWithParams(Array)
#10 /opt/lampp/htdocs/careys/yii/framework/web/filters/CFilterChain.php(133): CController->runAction(Object(CInlineAction))
#11 /opt/lampp/htdocs/careys/yii/framework/web/filters/CFilter.php(40): CFilterChain->run()
#12 /opt/lampp/htdocs/careys/yii/chs/protected/modules/rights/components/RController.php(36): CFilter->filter(Object(CFilterChain))
#13 /opt/lampp/htdocs/careys/yii/framework/web/filters/CInlineFilter.php(58): RController->filterRights(Object(CFilterChain))
#14 /opt/lampp/htdocs/careys/yii/framework/web/filters/CFilterChain.php(130): CInlineFilter->filter(Object(CFilterChain))
#15 /opt/lampp/htdocs/careys/yii/framework/web/CController.php(291): CFilterChain->run()
#16 /opt/lampp/htdocs/careys/yii/framework/web/CController.php(265): CController->runActionWithFilters(Object(CInlineAction), Array)
#17 /opt/lampp/htdocs/careys/yii/framework/web/CWebApplication.php(282): CController->run('SearchEngine')
#18 /opt/lampp/htdocs/careys/yii/framework/web/CWebApplication.php(141): CWebApplication->runController('servicecall/Sea...')
#19 /opt/lampp/htdocs/careys/yii/framework/base/CApplication.php(180): CWebApplication->processRequest()
#20 /opt/lampp/htdocs/careys/yii/chs/index.php(17): CApplication->run()
#21 {main}
REQUEST_URI=/careys/yii/chs/index.php?r=servicecall/SearchEngine&keyword=ip31
---
2015/11/18 12:15:38 [error] [php] Object of class Servicecall could not be converted to string (/opt/lampp/htdocs/careys/yii/chs/protected/views/servicecall/_ajax_search.php:183)
Stack trace:
#0 /opt/lampp/htdocs/careys/yii/framework/web/CController.php(869): ServicecallController->renderFile()
#1 /opt/lampp/htdocs/careys/yii/chs/protected/controllers/ServicecallController.php(596): ServicecallController->renderPartial()
#2 unknown(0): ServicecallController->actionSearchEngine()
#3 /opt/lampp/htdocs/careys/yii/framework/web/actions/CAction.php(108): ReflectionMethod->invokeArgs()
#4 /opt/lampp/htdocs/careys/yii/framework/web/actions/CInlineAction.php(47): CInlineAction->runWithParamsInternal()
#5 /opt/lampp/htdocs/careys/yii/framework/web/CController.php(308): CInlineAction->runWithParams()
#6 /opt/lampp/htdocs/careys/yii/framework/web/filters/CFilterChain.php(133): ServicecallController->runAction()
#7 /opt/lampp/htdocs/careys/yii/framework/web/filters/CFilter.php(40): CFilterChain->run()
#8 /opt/lampp/htdocs/careys/yii/chs/protected/modules/rights/components/RController.php(36): RightsFilter->filter()
#9 /opt/lampp/htdocs/careys/yii/framework/web/filters/CInlineFilter.php(58): ServicecallController->filterRights()
#10 /opt/lampp/htdocs/careys/yii/framework/web/filters/CFilterChain.php(130): CInlineFilter->filter()
#11 /opt/lampp/htdocs/careys/yii/framework/web/CController.php(291): CFilterChain->run()
#12 /opt/lampp/htdocs/careys/yii/framework/web/CController.php(265): ServicecallController->runActionWithFilters()
#13 /opt/lampp/htdocs/careys/yii/framework/web/CWebApplication.php(282): ServicecallController->run()
#14 /opt/lampp/htdocs/careys/yii/framework/web/CWebApplication.php(141): CWebApplication->runController()
#15 /opt/lampp/htdocs/careys/yii/framework/base/CApplication.php(180): CWebApplication->processRequest()
#16 /opt/lampp/htdocs/careys/yii/chs/index.php(17): CWebApplication->run()
REQUEST_URI=/careys/yii/chs/index.php?r=servicecall/SearchEngine&keyword=ip31
in /opt/lampp/htdocs/careys/yii/chs/protected/views/servicecall/_ajax_search.php (183)
in /opt/lampp/htdocs/careys/yii/chs/protected/controllers/ServicecallController.php (596)
in /opt/lampp/htdocs/careys/yii/chs/protected/modules/rights/components/RController.php (36)
